[0.883s] DEBUG:colcon:Command line arguments: ['/usr/bin/colcon', 'build', '--symlink-install']
[0.883s] DEBUG:colcon:Parsed command line arguments: Namespace(log_base=None, log_level=None, verb_name='build', build_base='build', install_base='install', merge_install=False, symlink_install=True, test_result_base=None, continue_on_error=False, executor='parallel', parallel_workers=12, event_handlers=None, ignore_user_meta=False, metas=['./colcon.meta'], base_paths=['.'], packages_ignore=None, packages_ignore_regex=None, paths=None, packages_up_to=None, packages_up_to_regex=None, packages_above=None, packages_above_and_dependencies=None, packages_above_depth=None, packages_select_by_dep=None, packages_skip_by_dep=None, packages_skip_up_to=None, packages_select_build_failed=False, packages_skip_build_finished=False, packages_select_test_failures=False, packages_skip_test_passed=False, packages_select=None, packages_skip=None, packages_select_regex=None, packages_skip_regex=None, packages_start=None, packages_end=None, allow_overriding=[], cmake_args=None, cmake_target=None, cmake_target_skip_unavailable=False, cmake_clean_cache=False, cmake_clean_first=False, cmake_force_configure=False, ament_cmake_args=None, catkin_cmake_args=None, catkin_skip_building_tests=False, verb_parser=<colcon_defaults.argument_parser.defaults.DefaultArgumentsDecorator object at 0x7f134e1f1420>, verb_extension=<colcon_core.verb.build.BuildVerb object at 0x7f134e1f03d0>, main=<bound method BuildVerb.main of <colcon_core.verb.build.BuildVerb object at 0x7f134e1f03d0>>)
[0.915s] Level 1:colcon.colcon_core.package_discovery:discover_packages(colcon_meta) check parameters
[0.915s] Level 1:colcon.colcon_core.package_discovery:discover_packages(recursive) check parameters
[0.915s] Level 1:colcon.colcon_core.package_discovery:discover_packages(ignore) check parameters
[0.915s] Level 1:colcon.colcon_core.package_discovery:discover_packages(path) check parameters
[0.915s] Level 1:colcon.colcon_core.package_discovery:discover_packages(colcon_meta) discover
[0.915s] Level 1:colcon.colcon_core.package_discovery:discover_packages(recursive) discover
[0.915s] INFO:colcon.colcon_core.package_discovery:Crawling recursively for packages in '/home/s4726042/turtlebot3_ws/src/METR4202'
[0.915s] Level 1:colcon.colcon_core.package_identification:_identify(.) by extensions ['ignore', 'ignore_ament_install']
[0.915s] Level 1:colcon.colcon_core.package_identification:_identify(.) by extension 'ignore'
[0.915s] Level 1:colcon.colcon_core.package_identification:_identify(.) by extension 'ignore_ament_install'
[0.915s] Level 1:colcon.colcon_core.package_identification:_identify(.) by extensions ['colcon_pkg']
[0.915s] Level 1:colcon.colcon_core.package_identification:_identify(.) by extension 'colcon_pkg'
[0.915s] Level 1:colcon.colcon_core.package_identification:_identify(.) by extensions ['colcon_meta']
[0.915s] Level 1:colcon.colcon_core.package_identification:_identify(.) by extension 'colcon_meta'
[0.915s] Level 1:colcon.colcon_core.package_identification:_identify(.) by extensions ['ros']
[0.915s] Level 1:colcon.colcon_core.package_identification:_identify(.) by extension 'ros'
[0.925s] Level 1:colcon.colcon_core.package_identification:_identify(.) by extensions ['cmake', 'python']
[0.925s] Level 1:colcon.colcon_core.package_identification:_identify(.) by extension 'cmake'
[0.925s] Level 1:colcon.colcon_core.package_identification:_identify(.) by extension 'python'
[0.925s] Level 1:colcon.colcon_core.package_identification:_identify(.) by extensions ['python_setup_py']
[0.925s] Level 1:colcon.colcon_core.package_identification:_identify(.) by extension 'python_setup_py'
[0.925s] Level 1:colcon.colcon_core.package_identification:_identify(build) by extensions ['ignore', 'ignore_ament_install']
[0.925s] Level 1:colcon.colcon_core.package_identification:_identify(build) by extension 'ignore'
[0.925s] Level 1:colcon.colcon_core.package_identification:_identify(build) ignored
[0.925s] Level 1:colcon.colcon_core.package_identification:_identify(fronTEAR_commander) by extensions ['ignore', 'ignore_ament_install']
[0.925s] Level 1:colcon.colcon_core.package_identification:_identify(fronTEAR_commander) by extension 'ignore'
[0.925s] Level 1:colcon.colcon_core.package_identification:_identify(fronTEAR_commander) by extension 'ignore_ament_install'
[0.925s] Level 1:colcon.colcon_core.package_identification:_identify(fronTEAR_commander) by extensions ['colcon_pkg']
[0.925s] Level 1:colcon.colcon_core.package_identification:_identify(fronTEAR_commander) by extension 'colcon_pkg'
[0.925s] Level 1:colcon.colcon_core.package_identification:_identify(fronTEAR_commander) by extensions ['colcon_meta']
[0.925s] Level 1:colcon.colcon_core.package_identification:_identify(fronTEAR_commander) by extension 'colcon_meta'
[0.925s] Level 1:colcon.colcon_core.package_identification:_identify(fronTEAR_commander) by extensions ['ros']
[0.925s] Level 1:colcon.colcon_core.package_identification:_identify(fronTEAR_commander) by extension 'ros'
[0.927s] DEBUG:colcon.colcon_core.package_identification:Package 'fronTEAR_commander' with type 'ros.ament_python' and name 'fronTEAR_commander'
[0.928s] Level 1:colcon.colcon_core.package_identification:_identify(install) by extensions ['ignore', 'ignore_ament_install']
[0.928s] Level 1:colcon.colcon_core.package_identification:_identify(install) by extension 'ignore'
[0.928s] Level 1:colcon.colcon_core.package_identification:_identify(install) ignored
[0.928s] Level 1:colcon.colcon_core.package_identification:_identify(log) by extensions ['ignore', 'ignore_ament_install']
[0.928s] Level 1:colcon.colcon_core.package_identification:_identify(log) by extension 'ignore'
[0.928s] Level 1:colcon.colcon_core.package_identification:_identify(log) ignored
[0.928s] Level 1:colcon.colcon_core.package_identification:_identify(ros2_aruco) by extensions ['ignore', 'ignore_ament_install']
[0.928s] Level 1:colcon.colcon_core.package_identification:_identify(ros2_aruco) by extension 'ignore'
[0.928s] Level 1:colcon.colcon_core.package_identification:_identify(ros2_aruco) by extension 'ignore_ament_install'
[0.928s] Level 1:colcon.colcon_core.package_identification:_identify(ros2_aruco) by extensions ['colcon_pkg']
[0.928s] Level 1:colcon.colcon_core.package_identification:_identify(ros2_aruco) by extension 'colcon_pkg'
[0.928s] Level 1:colcon.colcon_core.package_identification:_identify(ros2_aruco) by extensions ['colcon_meta']
[0.928s] Level 1:colcon.colcon_core.package_identification:_identify(ros2_aruco) by extension 'colcon_meta'
[0.928s] Level 1:colcon.colcon_core.package_identification:_identify(ros2_aruco) by extensions ['ros']
[0.928s] Level 1:colcon.colcon_core.package_identification:_identify(ros2_aruco) by extension 'ros'
[0.928s] DEBUG:colcon.colcon_core.package_identification:Package 'ros2_aruco' with type 'ros.ament_python' and name 'ros2_aruco'
[0.929s] Level 1:colcon.colcon_core.package_identification:_identify(ros2_aruco_interfaces) by extensions ['ignore', 'ignore_ament_install']
[0.929s] Level 1:colcon.colcon_core.package_identification:_identify(ros2_aruco_interfaces) by extension 'ignore'
[0.929s] Level 1:colcon.colcon_core.package_identification:_identify(ros2_aruco_interfaces) by extension 'ignore_ament_install'
[0.929s] Level 1:colcon.colcon_core.package_identification:_identify(ros2_aruco_interfaces) by extensions ['colcon_pkg']
[0.929s] Level 1:colcon.colcon_core.package_identification:_identify(ros2_aruco_interfaces) by extension 'colcon_pkg'
[0.929s] Level 1:colcon.colcon_core.package_identification:_identify(ros2_aruco_interfaces) by extensions ['colcon_meta']
[0.929s] Level 1:colcon.colcon_core.package_identification:_identify(ros2_aruco_interfaces) by extension 'colcon_meta'
[0.929s] Level 1:colcon.colcon_core.package_identification:_identify(ros2_aruco_interfaces) by extensions ['ros']
[0.929s] Level 1:colcon.colcon_core.package_identification:_identify(ros2_aruco_interfaces) by extension 'ros'
[0.929s] DEBUG:colcon.colcon_core.package_identification:Package 'ros2_aruco_interfaces' with type 'ros.ament_cmake' and name 'ros2_aruco_interfaces'
[0.929s] Level 1:colcon.colcon_core.package_discovery:discover_packages(recursive) using defaults
[0.929s] Level 1:colcon.colcon_core.package_discovery:discover_packages(ignore) discover
[0.929s] Level 1:colcon.colcon_core.package_discovery:discover_packages(ignore) using defaults
[0.929s] Level 1:colcon.colcon_core.package_discovery:discover_packages(path) discover
[0.929s] Level 1:colcon.colcon_core.package_discovery:discover_packages(path) using defaults
[0.993s] Level 1:colcon.colcon_core.package_discovery:discover_packages(prefix_path) check parameters
[0.994s] Level 1:colcon.colcon_core.package_discovery:discover_packages(prefix_path) discover
[1.012s] DEBUG:colcon.colcon_installed_package_information.package_discovery:Found 1 installed packages in /home/s4726042/ros2_ws/install
[1.021s] DEBUG:colcon.colcon_installed_package_information.package_discovery:Found 7 installed packages in /home/s4726042/turtlebot3_ws/install
[1.031s] DEBUG:colcon.colcon_installed_package_information.package_discovery:Found 378 installed packages in /opt/ros/humble
[1.040s] Level 1:colcon.colcon_core.package_discovery:discover_packages(prefix_path) using defaults
[1.111s] Level 5:colcon.colcon_core.verb:set package 'fronTEAR_commander' build argument 'cmake_args' from command line to 'None'
[1.111s] Level 5:colcon.colcon_core.verb:set package 'fronTEAR_commander' build argument 'cmake_target' from command line to 'None'
[1.111s] Level 5:colcon.colcon_core.verb:set package 'fronTEAR_commander' build argument 'cmake_target_skip_unavailable' from command line to 'False'
[1.111s] Level 5:colcon.colcon_core.verb:set package 'fronTEAR_commander' build argument 'cmake_clean_cache' from command line to 'False'
[1.111s] Level 5:colcon.colcon_core.verb:set package 'fronTEAR_commander' build argument 'cmake_clean_first' from command line to 'False'
[1.111s] Level 5:colcon.colcon_core.verb:set package 'fronTEAR_commander' build argument 'cmake_force_configure' from command line to 'False'
[1.111s] Level 5:colcon.colcon_core.verb:set package 'fronTEAR_commander' build argument 'ament_cmake_args' from command line to 'None'
[1.111s] Level 5:colcon.colcon_core.verb:set package 'fronTEAR_commander' build argument 'catkin_cmake_args' from command line to 'None'
[1.111s] Level 5:colcon.colcon_core.verb:set package 'fronTEAR_commander' build argument 'catkin_skip_building_tests' from command line to 'False'
[1.111s] DEBUG:colcon.colcon_core.verb:Building package 'fronTEAR_commander' with the following arguments: {'ament_cmake_args': None, 'build_base': '/home/s4726042/turtlebot3_ws/src/METR4202/build/fronTEAR_commander', 'catkin_cmake_args': None, 'catkin_skip_building_tests': False, 'cmake_args': None, 'cmake_clean_cache': False, 'cmake_clean_first': False, 'cmake_force_configure': False, 'cmake_target': None, 'cmake_target_skip_unavailable': False, 'install_base': '/home/s4726042/turtlebot3_ws/src/METR4202/install/fronTEAR_commander', 'merge_install': False, 'path': '/home/s4726042/turtlebot3_ws/src/METR4202/fronTEAR_commander', 'symlink_install': True, 'test_result_base': None}
[1.120s] Level 5:colcon.colcon_core.verb:set package 'ros2_aruco' build argument 'cmake_args' from command line to 'None'
[1.120s] Level 5:colcon.colcon_core.verb:set package 'ros2_aruco' build argument 'cmake_target' from command line to 'None'
[1.120s] Level 5:colcon.colcon_core.verb:set package 'ros2_aruco' build argument 'cmake_target_skip_unavailable' from command line to 'False'
[1.120s] Level 5:colcon.colcon_core.verb:set package 'ros2_aruco' build argument 'cmake_clean_cache' from command line to 'False'
[1.120s] Level 5:colcon.colcon_core.verb:set package 'ros2_aruco' build argument 'cmake_clean_first' from command line to 'False'
[1.120s] Level 5:colcon.colcon_core.verb:set package 'ros2_aruco' build argument 'cmake_force_configure' from command line to 'False'
[1.120s] Level 5:colcon.colcon_core.verb:set package 'ros2_aruco' build argument 'ament_cmake_args' from command line to 'None'
[1.120s] Level 5:colcon.colcon_core.verb:set package 'ros2_aruco' build argument 'catkin_cmake_args' from command line to 'None'
[1.120s] Level 5:colcon.colcon_core.verb:set package 'ros2_aruco' build argument 'catkin_skip_building_tests' from command line to 'False'
[1.120s] DEBUG:colcon.colcon_core.verb:Building package 'ros2_aruco' with the following arguments: {'ament_cmake_args': None, 'build_base': '/home/s4726042/turtlebot3_ws/src/METR4202/build/ros2_aruco', 'catkin_cmake_args': None, 'catkin_skip_building_tests': False, 'cmake_args': None, 'cmake_clean_cache': False, 'cmake_clean_first': False, 'cmake_force_configure': False, 'cmake_target': None, 'cmake_target_skip_unavailable': False, 'install_base': '/home/s4726042/turtlebot3_ws/src/METR4202/install/ros2_aruco', 'merge_install': False, 'path': '/home/s4726042/turtlebot3_ws/src/METR4202/ros2_aruco', 'symlink_install': True, 'test_result_base': None}
[1.129s] Level 5:colcon.colcon_core.verb:set package 'ros2_aruco_interfaces' build argument 'cmake_args' from command line to 'None'
[1.129s] Level 5:colcon.colcon_core.verb:set package 'ros2_aruco_interfaces' build argument 'cmake_target' from command line to 'None'
[1.129s] Level 5:colcon.colcon_core.verb:set package 'ros2_aruco_interfaces' build argument 'cmake_target_skip_unavailable' from command line to 'False'
[1.129s] Level 5:colcon.colcon_core.verb:set package 'ros2_aruco_interfaces' build argument 'cmake_clean_cache' from command line to 'False'
[1.129s] Level 5:colcon.colcon_core.verb:set package 'ros2_aruco_interfaces' build argument 'cmake_clean_first' from command line to 'False'
[1.129s] Level 5:colcon.colcon_core.verb:set package 'ros2_aruco_interfaces' build argument 'cmake_force_configure' from command line to 'False'
[1.129s] Level 5:colcon.colcon_core.verb:set package 'ros2_aruco_interfaces' build argument 'ament_cmake_args' from command line to 'None'
[1.129s] Level 5:colcon.colcon_core.verb:set package 'ros2_aruco_interfaces' build argument 'catkin_cmake_args' from command line to 'None'
[1.129s] Level 5:colcon.colcon_core.verb:set package 'ros2_aruco_interfaces' build argument 'catkin_skip_building_tests' from command line to 'False'
[1.129s] DEBUG:colcon.colcon_core.verb:Building package 'ros2_aruco_interfaces' with the following arguments: {'ament_cmake_args': None, 'build_base': '/home/s4726042/turtlebot3_ws/src/METR4202/build/ros2_aruco_interfaces', 'catkin_cmake_args': None, 'catkin_skip_building_tests': False, 'cmake_args': None, 'cmake_clean_cache': False, 'cmake_clean_first': False, 'cmake_force_configure': False, 'cmake_target': None, 'cmake_target_skip_unavailable': False, 'install_base': '/home/s4726042/turtlebot3_ws/src/METR4202/install/ros2_aruco_interfaces', 'merge_install': False, 'path': '/home/s4726042/turtlebot3_ws/src/METR4202/ros2_aruco_interfaces', 'symlink_install': True, 'test_result_base': None}
[1.138s] INFO:colcon.colcon_core.executor:Executing jobs using 'parallel' executor
[1.148s] DEBUG:colcon.colcon_parallel_executor.executor.parallel:run_until_complete
[1.148s] INFO:colcon.colcon_ros.task.ament_python.build:Building ROS package in '/home/s4726042/turtlebot3_ws/src/METR4202/fronTEAR_commander' with build type 'ament_python'
[1.149s] Level 1:colcon.colcon_core.shell:create_environment_hook('fronTEAR_commander', 'ament_prefix_path')
[1.160s] INFO:colcon.colcon_core.plugin_system:Skipping extension 'colcon_core.shell.bat': Not used on non-Windows systems
[1.160s] INFO:colcon.colcon_core.shell:Creating environment hook '/home/s4726042/turtlebot3_ws/src/METR4202/install/fronTEAR_commander/share/fronTEAR_commander/hook/ament_prefix_path.ps1'
[1.161s] INFO:colcon.colcon_core.shell:Creating environment descriptor '/home/s4726042/turtlebot3_ws/src/METR4202/install/fronTEAR_commander/share/fronTEAR_commander/hook/ament_prefix_path.dsv'
[1.161s] INFO:colcon.colcon_core.shell:Creating environment hook '/home/s4726042/turtlebot3_ws/src/METR4202/install/fronTEAR_commander/share/fronTEAR_commander/hook/ament_prefix_path.sh'
[1.172s] INFO:colcon.colcon_core.shell:Skip shell extension 'powershell' for command environment: Not usable outside of PowerShell
[1.172s] DEBUG:colcon.colcon_core.shell:Skip shell extension 'dsv' for command environment
[1.210s] INFO:colcon.colcon_ros.task.ament_python.build:Building ROS package in '/home/s4726042/turtlebot3_ws/src/METR4202/ros2_aruco' with build type 'ament_python'
[1.210s] Level 1:colcon.colcon_core.shell:create_environment_hook('ros2_aruco', 'ament_prefix_path')
[1.220s] INFO:colcon.colcon_core.shell:Creating environment hook '/home/s4726042/turtlebot3_ws/src/METR4202/install/ros2_aruco/share/ros2_aruco/hook/ament_prefix_path.ps1'
[1.220s] INFO:colcon.colcon_core.shell:Creating environment descriptor '/home/s4726042/turtlebot3_ws/src/METR4202/install/ros2_aruco/share/ros2_aruco/hook/ament_prefix_path.dsv'
[1.221s] INFO:colcon.colcon_core.shell:Creating environment hook '/home/s4726042/turtlebot3_ws/src/METR4202/install/ros2_aruco/share/ros2_aruco/hook/ament_prefix_path.sh'
[1.230s] INFO:colcon.colcon_core.shell:Skip shell extension 'powershell' for command environment: Not usable outside of PowerShell
[1.230s] DEBUG:colcon.colcon_core.shell:Skip shell extension 'dsv' for command environment
[1.269s] INFO:colcon.colcon_ros.task.ament_cmake.build:Building ROS package in '/home/s4726042/turtlebot3_ws/src/METR4202/ros2_aruco_interfaces' with build type 'ament_cmake'
[1.269s] INFO:colcon.colcon_cmake.task.cmake.build:Building CMake package in '/home/s4726042/turtlebot3_ws/src/METR4202/ros2_aruco_interfaces'
[1.279s] INFO:colcon.colcon_core.shell:Skip shell extension 'powershell' for command environment: Not usable outside of PowerShell
[1.279s] DEBUG:colcon.colcon_core.shell:Skip shell extension 'dsv' for command environment
[1.529s] INFO:colcon.colcon_core.task.python.build:Building Python package in '/home/s4726042/turtlebot3_ws/src/METR4202/fronTEAR_commander'
[1.538s] INFO:colcon.colcon_core.shell:Skip shell extension 'powershell' for command environment: Not usable outside of PowerShell
[1.539s] DEBUG:colcon.colcon_core.shell:Skip shell extension 'dsv' for command environment
[1.777s] INFO:colcon.colcon_core.task.python.build:Building Python package in '/home/s4726042/turtlebot3_ws/src/METR4202/ros2_aruco'
[1.787s] INFO:colcon.colcon_core.shell:Skip shell extension 'powershell' for command environment: Not usable outside of PowerShell
[1.787s] DEBUG:colcon.colcon_core.shell:Skip shell extension 'dsv' for command environment
[1.834s] DEBUG:colcon.colcon_core.event_handler.log_command:Invoking command in '/home/s4726042/turtlebot3_ws/src/METR4202/build/ros2_aruco_interfaces': CMAKE_PREFIX_PATH=${CMAKE_PREFIX_PATH}:/home/s4726042/ros2_ws/install/m4202_py_pkg:/home/s4726042/turtlebot3_ws/install/waypoint_commander:/home/s4726042/turtlebot3_ws/install/ros2_aruco:/home/s4726042/turtlebot3_ws/install/fronTEAR_commander:/opt/ros/humble /usr/bin/cmake /home/s4726042/turtlebot3_ws/src/METR4202/ros2_aruco_interfaces -DAMENT_CMAKE_SYMLINK_INSTALL=1 -DCMAKE_INSTALL_PREFIX=/home/s4726042/turtlebot3_ws/src/METR4202/install/ros2_aruco_interfaces
[2.176s] DEBUG:colcon.colcon_core.event_handler.log_command:Invoking command in '/home/s4726042/turtlebot3_ws/src/METR4202/build/ros2_aruco': PYTHONPATH=/home/s4726042/turtlebot3_ws/src/METR4202/build/ros2_aruco/prefix_override:/home/s4726042/turtlebot3_ws/src/METR4202/install/ros2_aruco/lib/python3.10/site-packages:${PYTHONPATH} /usr/bin/python3 setup.py develop --editable --build-directory /home/s4726042/turtlebot3_ws/src/METR4202/build/ros2_aruco/build --no-deps install_data
[2.181s] DEBUG:colcon.colcon_core.event_handler.log_command:Invoking command in '/home/s4726042/turtlebot3_ws/src/METR4202/build/fronTEAR_commander': PYTHONPATH=/home/s4726042/turtlebot3_ws/src/METR4202/build/fronTEAR_commander/prefix_override:/home/s4726042/turtlebot3_ws/src/METR4202/install/fronTEAR_commander/lib/python3.10/site-packages:${PYTHONPATH} /usr/bin/python3 setup.py develop --editable --build-directory /home/s4726042/turtlebot3_ws/src/METR4202/build/fronTEAR_commander/build --no-deps install_data
[2.530s] Level 1:colcon.colcon_core.shell:create_environment_hook('ros2_aruco', 'pythonpath_develop')
[2.530s] DEBUG:colcon.colcon_core.event_handler.log_command:Invoked command in '/home/s4726042/turtlebot3_ws/src/METR4202/build/ros2_aruco' returned '0': PYTHONPATH=/home/s4726042/turtlebot3_ws/src/METR4202/build/ros2_aruco/prefix_override:/home/s4726042/turtlebot3_ws/src/METR4202/install/ros2_aruco/lib/python3.10/site-packages:${PYTHONPATH} /usr/bin/python3 setup.py develop --editable --build-directory /home/s4726042/turtlebot3_ws/src/METR4202/build/ros2_aruco/build --no-deps install_data
[2.547s] INFO:colcon.colcon_core.shell:Creating environment hook '/home/s4726042/turtlebot3_ws/src/METR4202/build/ros2_aruco/share/ros2_aruco/hook/pythonpath_develop.ps1'
[2.549s] INFO:colcon.colcon_core.shell:Creating environment descriptor '/home/s4726042/turtlebot3_ws/src/METR4202/build/ros2_aruco/share/ros2_aruco/hook/pythonpath_develop.dsv'
[2.549s] INFO:colcon.colcon_core.shell:Creating environment hook '/home/s4726042/turtlebot3_ws/src/METR4202/build/ros2_aruco/share/ros2_aruco/hook/pythonpath_develop.sh'
[2.562s] Level 1:colcon.colcon_core.environment:checking '/home/s4726042/turtlebot3_ws/src/METR4202/install/ros2_aruco' for CMake module files
[2.562s] Level 1:colcon.colcon_core.environment:checking '/home/s4726042/turtlebot3_ws/src/METR4202/install/ros2_aruco' for CMake config files
[2.563s] Level 1:colcon.colcon_core.environment:checking '/home/s4726042/turtlebot3_ws/src/METR4202/install/ros2_aruco/lib'
[2.563s] Level 1:colcon.colcon_core.environment:checking '/home/s4726042/turtlebot3_ws/src/METR4202/install/ros2_aruco/bin'
[2.563s] Level 1:colcon.colcon_core.environment:checking '/home/s4726042/turtlebot3_ws/src/METR4202/install/ros2_aruco/lib/pkgconfig/ros2_aruco.pc'
[2.563s] Level 1:colcon.colcon_core.environment:checking '/home/s4726042/turtlebot3_ws/src/METR4202/install/ros2_aruco/lib/python3.10/site-packages'
[2.563s] Level 1:colcon.colcon_core.shell:create_environment_hook('ros2_aruco', 'pythonpath')
[2.573s] INFO:colcon.colcon_core.shell:Creating environment hook '/home/s4726042/turtlebot3_ws/src/METR4202/install/ros2_aruco/share/ros2_aruco/hook/pythonpath.ps1'
[2.573s] INFO:colcon.colcon_core.shell:Creating environment descriptor '/home/s4726042/turtlebot3_ws/src/METR4202/install/ros2_aruco/share/ros2_aruco/hook/pythonpath.dsv'
[2.573s] INFO:colcon.colcon_core.shell:Creating environment hook '/home/s4726042/turtlebot3_ws/src/METR4202/install/ros2_aruco/share/ros2_aruco/hook/pythonpath.sh'
[2.574s] Level 1:colcon.colcon_core.environment:checking '/home/s4726042/turtlebot3_ws/src/METR4202/install/ros2_aruco/bin'
[2.574s] Level 1:colcon.colcon_core.environment:create_environment_scripts_only(ros2_aruco)
[2.583s] INFO:colcon.colcon_core.shell:Creating package script '/home/s4726042/turtlebot3_ws/src/METR4202/install/ros2_aruco/share/ros2_aruco/package.ps1'
[2.584s] INFO:colcon.colcon_core.shell:Creating package descriptor '/home/s4726042/turtlebot3_ws/src/METR4202/install/ros2_aruco/share/ros2_aruco/package.dsv'
[2.584s] INFO:colcon.colcon_core.shell:Creating package script '/home/s4726042/turtlebot3_ws/src/METR4202/install/ros2_aruco/share/ros2_aruco/package.sh'
[2.585s] INFO:colcon.colcon_core.shell:Creating package script '/home/s4726042/turtlebot3_ws/src/METR4202/install/ros2_aruco/share/ros2_aruco/package.bash'
[2.585s] INFO:colcon.colcon_core.shell:Creating package script '/home/s4726042/turtlebot3_ws/src/METR4202/install/ros2_aruco/share/ros2_aruco/package.zsh'
[2.586s] Level 1:colcon.colcon_core.environment:create_file_with_runtime_dependencies(/home/s4726042/turtlebot3_ws/src/METR4202/install/ros2_aruco/share/colcon-core/packages/ros2_aruco)
[2.588s] Level 1:colcon.colcon_core.shell:create_environment_hook('fronTEAR_commander', 'pythonpath_develop')
[2.588s] DEBUG:colcon.colcon_core.event_handler.log_command:Invoked command in '/home/s4726042/turtlebot3_ws/src/METR4202/build/fronTEAR_commander' returned '0': PYTHONPATH=/home/s4726042/turtlebot3_ws/src/METR4202/build/fronTEAR_commander/prefix_override:/home/s4726042/turtlebot3_ws/src/METR4202/install/fronTEAR_commander/lib/python3.10/site-packages:${PYTHONPATH} /usr/bin/python3 setup.py develop --editable --build-directory /home/s4726042/turtlebot3_ws/src/METR4202/build/fronTEAR_commander/build --no-deps install_data
[2.599s] INFO:colcon.colcon_core.shell:Creating environment hook '/home/s4726042/turtlebot3_ws/src/METR4202/build/fronTEAR_commander/share/fronTEAR_commander/hook/pythonpath_develop.ps1'
[2.599s] INFO:colcon.colcon_core.shell:Creating environment descriptor '/home/s4726042/turtlebot3_ws/src/METR4202/build/fronTEAR_commander/share/fronTEAR_commander/hook/pythonpath_develop.dsv'
[2.599s] INFO:colcon.colcon_core.shell:Creating environment hook '/home/s4726042/turtlebot3_ws/src/METR4202/build/fronTEAR_commander/share/fronTEAR_commander/hook/pythonpath_develop.sh'
[2.609s] Level 1:colcon.colcon_core.environment:checking '/home/s4726042/turtlebot3_ws/src/METR4202/install/fronTEAR_commander' for CMake module files
[2.609s] Level 1:colcon.colcon_core.environment:checking '/home/s4726042/turtlebot3_ws/src/METR4202/install/fronTEAR_commander' for CMake config files
[2.610s] Level 1:colcon.colcon_core.environment:checking '/home/s4726042/turtlebot3_ws/src/METR4202/install/fronTEAR_commander/lib'
[2.610s] Level 1:colcon.colcon_core.environment:checking '/home/s4726042/turtlebot3_ws/src/METR4202/install/fronTEAR_commander/bin'
[2.610s] Level 1:colcon.colcon_core.environment:checking '/home/s4726042/turtlebot3_ws/src/METR4202/install/fronTEAR_commander/lib/pkgconfig/fronTEAR_commander.pc'
[2.610s] Level 1:colcon.colcon_core.environment:checking '/home/s4726042/turtlebot3_ws/src/METR4202/install/fronTEAR_commander/lib/python3.10/site-packages'
[2.610s] Level 1:colcon.colcon_core.shell:create_environment_hook('fronTEAR_commander', 'pythonpath')
[2.619s] INFO:colcon.colcon_core.shell:Creating environment hook '/home/s4726042/turtlebot3_ws/src/METR4202/install/fronTEAR_commander/share/fronTEAR_commander/hook/pythonpath.ps1'
[2.620s] INFO:colcon.colcon_core.shell:Creating environment descriptor '/home/s4726042/turtlebot3_ws/src/METR4202/install/fronTEAR_commander/share/fronTEAR_commander/hook/pythonpath.dsv'
[2.620s] INFO:colcon.colcon_core.shell:Creating environment hook '/home/s4726042/turtlebot3_ws/src/METR4202/install/fronTEAR_commander/share/fronTEAR_commander/hook/pythonpath.sh'
[2.620s] Level 1:colcon.colcon_core.environment:checking '/home/s4726042/turtlebot3_ws/src/METR4202/install/fronTEAR_commander/bin'
[2.620s] Level 1:colcon.colcon_core.environment:create_environment_scripts_only(fronTEAR_commander)
[2.630s] INFO:colcon.colcon_core.shell:Creating package script '/home/s4726042/turtlebot3_ws/src/METR4202/install/fronTEAR_commander/share/fronTEAR_commander/package.ps1'
[2.630s] INFO:colcon.colcon_core.shell:Creating package descriptor '/home/s4726042/turtlebot3_ws/src/METR4202/install/fronTEAR_commander/share/fronTEAR_commander/package.dsv'
[2.630s] INFO:colcon.colcon_core.shell:Creating package script '/home/s4726042/turtlebot3_ws/src/METR4202/install/fronTEAR_commander/share/fronTEAR_commander/package.sh'
[2.631s] INFO:colcon.colcon_core.shell:Creating package script '/home/s4726042/turtlebot3_ws/src/METR4202/install/fronTEAR_commander/share/fronTEAR_commander/package.bash'
[2.631s] INFO:colcon.colcon_core.shell:Creating package script '/home/s4726042/turtlebot3_ws/src/METR4202/install/fronTEAR_commander/share/fronTEAR_commander/package.zsh'
[2.631s] Level 1:colcon.colcon_core.environment:create_file_with_runtime_dependencies(/home/s4726042/turtlebot3_ws/src/METR4202/install/fronTEAR_commander/share/colcon-core/packages/fronTEAR_commander)
[8.825s] DEBUG:colcon.colcon_core.event_handler.log_command:Invoked command in '/home/s4726042/turtlebot3_ws/src/METR4202/build/ros2_aruco_interfaces' returned '0': CMAKE_PREFIX_PATH=${CMAKE_PREFIX_PATH}:/home/s4726042/ros2_ws/install/m4202_py_pkg:/home/s4726042/turtlebot3_ws/install/waypoint_commander:/home/s4726042/turtlebot3_ws/install/ros2_aruco:/home/s4726042/turtlebot3_ws/install/fronTEAR_commander:/opt/ros/humble /usr/bin/cmake /home/s4726042/turtlebot3_ws/src/METR4202/ros2_aruco_interfaces -DAMENT_CMAKE_SYMLINK_INSTALL=1 -DCMAKE_INSTALL_PREFIX=/home/s4726042/turtlebot3_ws/src/METR4202/install/ros2_aruco_interfaces
[8.827s] DEBUG:colcon.colcon_core.event_handler.log_command:Invoking command in '/home/s4726042/turtlebot3_ws/src/METR4202/build/ros2_aruco_interfaces': CMAKE_PREFIX_PATH=${CMAKE_PREFIX_PATH}:/home/s4726042/ros2_ws/install/m4202_py_pkg:/home/s4726042/turtlebot3_ws/install/waypoint_commander:/home/s4726042/turtlebot3_ws/install/ros2_aruco:/home/s4726042/turtlebot3_ws/install/fronTEAR_commander:/opt/ros/humble /usr/bin/cmake --build /home/s4726042/turtlebot3_ws/src/METR4202/build/ros2_aruco_interfaces -- -j12 -l12
[11.365s] DEBUG:colcon.colcon_core.event_handler.log_command:Invoked command in '/home/s4726042/turtlebot3_ws/src/METR4202/build/ros2_aruco_interfaces' returned '0': CMAKE_PREFIX_PATH=${CMAKE_PREFIX_PATH}:/home/s4726042/ros2_ws/install/m4202_py_pkg:/home/s4726042/turtlebot3_ws/install/waypoint_commander:/home/s4726042/turtlebot3_ws/install/ros2_aruco:/home/s4726042/turtlebot3_ws/install/fronTEAR_commander:/opt/ros/humble /usr/bin/cmake --build /home/s4726042/turtlebot3_ws/src/METR4202/build/ros2_aruco_interfaces -- -j12 -l12
[11.419s] DEBUG:colcon.colcon_core.event_handler.log_command:Invoking command in '/home/s4726042/turtlebot3_ws/src/METR4202/build/ros2_aruco_interfaces': CMAKE_PREFIX_PATH=${CMAKE_PREFIX_PATH}:/home/s4726042/ros2_ws/install/m4202_py_pkg:/home/s4726042/turtlebot3_ws/install/waypoint_commander:/home/s4726042/turtlebot3_ws/install/ros2_aruco:/home/s4726042/turtlebot3_ws/install/fronTEAR_commander:/opt/ros/humble /usr/bin/cmake --install /home/s4726042/turtlebot3_ws/src/METR4202/build/ros2_aruco_interfaces
[11.796s] Level 1:colcon.colcon_core.environment:create_environment_scripts_only(ros2_aruco_interfaces)
[11.797s] DEBUG:colcon.colcon_core.event_handler.log_command:Invoked command in '/home/s4726042/turtlebot3_ws/src/METR4202/build/ros2_aruco_interfaces' returned '0': CMAKE_PREFIX_PATH=${CMAKE_PREFIX_PATH}:/home/s4726042/ros2_ws/install/m4202_py_pkg:/home/s4726042/turtlebot3_ws/install/waypoint_commander:/home/s4726042/turtlebot3_ws/install/ros2_aruco:/home/s4726042/turtlebot3_ws/install/fronTEAR_commander:/opt/ros/humble /usr/bin/cmake --install /home/s4726042/turtlebot3_ws/src/METR4202/build/ros2_aruco_interfaces
[11.806s] Level 1:colcon.colcon_core.environment:checking '/home/s4726042/turtlebot3_ws/src/METR4202/install/ros2_aruco_interfaces' for CMake module files
[11.807s] Level 1:colcon.colcon_core.environment:checking '/home/s4726042/turtlebot3_ws/src/METR4202/install/ros2_aruco_interfaces' for CMake config files
[11.807s] Level 1:colcon.colcon_core.shell:create_environment_hook('ros2_aruco_interfaces', 'cmake_prefix_path')
[11.816s] INFO:colcon.colcon_core.shell:Creating environment hook '/home/s4726042/turtlebot3_ws/src/METR4202/install/ros2_aruco_interfaces/share/ros2_aruco_interfaces/hook/cmake_prefix_path.ps1'
[11.816s] INFO:colcon.colcon_core.shell:Creating environment descriptor '/home/s4726042/turtlebot3_ws/src/METR4202/install/ros2_aruco_interfaces/share/ros2_aruco_interfaces/hook/cmake_prefix_path.dsv'
[11.817s] INFO:colcon.colcon_core.shell:Creating environment hook '/home/s4726042/turtlebot3_ws/src/METR4202/install/ros2_aruco_interfaces/share/ros2_aruco_interfaces/hook/cmake_prefix_path.sh'
[11.817s] Level 1:colcon.colcon_core.environment:checking '/home/s4726042/turtlebot3_ws/src/METR4202/install/ros2_aruco_interfaces/lib'
[11.817s] Level 1:colcon.colcon_core.shell:create_environment_hook('ros2_aruco_interfaces', 'ld_library_path_lib')
[11.826s] INFO:colcon.colcon_core.shell:Creating environment hook '/home/s4726042/turtlebot3_ws/src/METR4202/install/ros2_aruco_interfaces/share/ros2_aruco_interfaces/hook/ld_library_path_lib.ps1'
[11.826s] INFO:colcon.colcon_core.shell:Creating environment descriptor '/home/s4726042/turtlebot3_ws/src/METR4202/install/ros2_aruco_interfaces/share/ros2_aruco_interfaces/hook/ld_library_path_lib.dsv'
[11.827s] INFO:colcon.colcon_core.shell:Creating environment hook '/home/s4726042/turtlebot3_ws/src/METR4202/install/ros2_aruco_interfaces/share/ros2_aruco_interfaces/hook/ld_library_path_lib.sh'
[11.827s] Level 1:colcon.colcon_core.environment:checking '/home/s4726042/turtlebot3_ws/src/METR4202/install/ros2_aruco_interfaces/bin'
[11.827s] Level 1:colcon.colcon_core.environment:checking '/home/s4726042/turtlebot3_ws/src/METR4202/install/ros2_aruco_interfaces/lib/pkgconfig/ros2_aruco_interfaces.pc'
[11.827s] Level 1:colcon.colcon_core.environment:checking '/home/s4726042/turtlebot3_ws/src/METR4202/install/ros2_aruco_interfaces/lib/python3.10/site-packages'
[11.827s] Level 1:colcon.colcon_core.environment:checking '/home/s4726042/turtlebot3_ws/src/METR4202/install/ros2_aruco_interfaces/bin'
[11.837s] INFO:colcon.colcon_core.shell:Creating package script '/home/s4726042/turtlebot3_ws/src/METR4202/install/ros2_aruco_interfaces/share/ros2_aruco_interfaces/package.ps1'
[11.837s] INFO:colcon.colcon_core.shell:Creating package descriptor '/home/s4726042/turtlebot3_ws/src/METR4202/install/ros2_aruco_interfaces/share/ros2_aruco_interfaces/package.dsv'
[11.837s] INFO:colcon.colcon_core.shell:Creating package script '/home/s4726042/turtlebot3_ws/src/METR4202/install/ros2_aruco_interfaces/share/ros2_aruco_interfaces/package.sh'
[11.838s] INFO:colcon.colcon_core.shell:Creating package script '/home/s4726042/turtlebot3_ws/src/METR4202/install/ros2_aruco_interfaces/share/ros2_aruco_interfaces/package.bash'
[11.838s] INFO:colcon.colcon_core.shell:Creating package script '/home/s4726042/turtlebot3_ws/src/METR4202/install/ros2_aruco_interfaces/share/ros2_aruco_interfaces/package.zsh'
[11.838s] Level 1:colcon.colcon_core.environment:create_file_with_runtime_dependencies(/home/s4726042/turtlebot3_ws/src/METR4202/install/ros2_aruco_interfaces/share/colcon-core/packages/ros2_aruco_interfaces)
[11.893s] Level 1:colcon.colcon_core.environment:create_environment_scripts_only(ros2_aruco_interfaces)
[11.902s] Level 1:colcon.colcon_core.environment:checking '/home/s4726042/turtlebot3_ws/src/METR4202/install/ros2_aruco_interfaces' for CMake module files
[11.902s] Level 1:colcon.colcon_core.environment:checking '/home/s4726042/turtlebot3_ws/src/METR4202/install/ros2_aruco_interfaces' for CMake config files
[11.902s] Level 1:colcon.colcon_core.shell:create_environment_hook('ros2_aruco_interfaces', 'cmake_prefix_path')
[11.911s] INFO:colcon.colcon_core.shell:Creating environment hook '/home/s4726042/turtlebot3_ws/src/METR4202/install/ros2_aruco_interfaces/share/ros2_aruco_interfaces/hook/cmake_prefix_path.ps1'
[11.911s] INFO:colcon.colcon_core.shell:Creating environment descriptor '/home/s4726042/turtlebot3_ws/src/METR4202/install/ros2_aruco_interfaces/share/ros2_aruco_interfaces/hook/cmake_prefix_path.dsv'
[11.912s] INFO:colcon.colcon_core.shell:Creating environment hook '/home/s4726042/turtlebot3_ws/src/METR4202/install/ros2_aruco_interfaces/share/ros2_aruco_interfaces/hook/cmake_prefix_path.sh'
[11.912s] Level 1:colcon.colcon_core.environment:checking '/home/s4726042/turtlebot3_ws/src/METR4202/install/ros2_aruco_interfaces/lib'
[11.912s] Level 1:colcon.colcon_core.shell:create_environment_hook('ros2_aruco_interfaces', 'ld_library_path_lib')
[11.921s] INFO:colcon.colcon_core.shell:Creating environment hook '/home/s4726042/turtlebot3_ws/src/METR4202/install/ros2_aruco_interfaces/share/ros2_aruco_interfaces/hook/ld_library_path_lib.ps1'
[11.921s] INFO:colcon.colcon_core.shell:Creating environment descriptor '/home/s4726042/turtlebot3_ws/src/METR4202/install/ros2_aruco_interfaces/share/ros2_aruco_interfaces/hook/ld_library_path_lib.dsv'
[11.921s] INFO:colcon.colcon_core.shell:Creating environment hook '/home/s4726042/turtlebot3_ws/src/METR4202/install/ros2_aruco_interfaces/share/ros2_aruco_interfaces/hook/ld_library_path_lib.sh'
[11.921s] Level 1:colcon.colcon_core.environment:checking '/home/s4726042/turtlebot3_ws/src/METR4202/install/ros2_aruco_interfaces/bin'
[11.921s] Level 1:colcon.colcon_core.environment:checking '/home/s4726042/turtlebot3_ws/src/METR4202/install/ros2_aruco_interfaces/lib/pkgconfig/ros2_aruco_interfaces.pc'
[11.922s] Level 1:colcon.colcon_core.environment:checking '/home/s4726042/turtlebot3_ws/src/METR4202/install/ros2_aruco_interfaces/lib/python3.10/site-packages'
[11.922s] Level 1:colcon.colcon_core.environment:checking '/home/s4726042/turtlebot3_ws/src/METR4202/install/ros2_aruco_interfaces/bin'
[11.943s] INFO:colcon.colcon_core.shell:Creating package script '/home/s4726042/turtlebot3_ws/src/METR4202/install/ros2_aruco_interfaces/share/ros2_aruco_interfaces/package.ps1'
[11.944s] INFO:colcon.colcon_core.shell:Creating package descriptor '/home/s4726042/turtlebot3_ws/src/METR4202/install/ros2_aruco_interfaces/share/ros2_aruco_interfaces/package.dsv'
[11.944s] INFO:colcon.colcon_core.shell:Creating package script '/home/s4726042/turtlebot3_ws/src/METR4202/install/ros2_aruco_interfaces/share/ros2_aruco_interfaces/package.sh'
[11.945s] INFO:colcon.colcon_core.shell:Creating package script '/home/s4726042/turtlebot3_ws/src/METR4202/install/ros2_aruco_interfaces/share/ros2_aruco_interfaces/package.bash'
[11.945s] INFO:colcon.colcon_core.shell:Creating package script '/home/s4726042/turtlebot3_ws/src/METR4202/install/ros2_aruco_interfaces/share/ros2_aruco_interfaces/package.zsh'
[11.945s] Level 1:colcon.colcon_core.environment:create_file_with_runtime_dependencies(/home/s4726042/turtlebot3_ws/src/METR4202/install/ros2_aruco_interfaces/share/colcon-core/packages/ros2_aruco_interfaces)
[11.946s] DEBUG:colcon.colcon_parallel_executor.executor.parallel:closing loop
[11.946s] DEBUG:colcon.colcon_parallel_executor.executor.parallel:loop closed
[11.946s] DEBUG:colcon.colcon_parallel_executor.executor.parallel:run_until_complete finished with '0'
[11.946s] DEBUG:colcon.colcon_core.event_reactor:joining thread
[12.079s] INFO:colcon.colcon_core.plugin_system:Skipping extension 'colcon_notification.desktop_notification.notify_send': Could not find 'notify-send'
[12.079s] INFO:colcon.colcon_core.plugin_system:Skipping extension 'colcon_notification.desktop_notification.terminal_notifier': Not used on non-Darwin systems
[12.079s] INFO:colcon.colcon_core.plugin_system:Skipping extension 'colcon_notification.desktop_notification.win32': Not used on non-Windows systems
[12.079s] INFO:colcon.colcon_notification.desktop_notification:Sending desktop notification using 'notify2'
[12.081s] DEBUG:colcon.colcon_notification.desktop_notification.notify2:Failed to initialize notify2: org.freedesktop.DBus.Error.ServiceUnknown: The name org.freedesktop.Notifications was not provided by any .service files
[12.082s] DEBUG:colcon.colcon_core.event_reactor:joined thread
[12.096s] INFO:colcon.colcon_core.shell:Creating prefix script '/home/s4726042/turtlebot3_ws/src/METR4202/install/local_setup.ps1'
[12.097s] INFO:colcon.colcon_core.shell:Creating prefix util module '/home/s4726042/turtlebot3_ws/src/METR4202/install/_local_setup_util_ps1.py'
[12.098s] INFO:colcon.colcon_core.shell:Creating prefix chain script '/home/s4726042/turtlebot3_ws/src/METR4202/install/setup.ps1'
[12.108s] INFO:colcon.colcon_core.shell:Creating prefix script '/home/s4726042/turtlebot3_ws/src/METR4202/install/local_setup.sh'
[12.108s] INFO:colcon.colcon_core.shell:Creating prefix util module '/home/s4726042/turtlebot3_ws/src/METR4202/install/_local_setup_util_sh.py'
[12.109s] INFO:colcon.colcon_core.shell:Creating prefix chain script '/home/s4726042/turtlebot3_ws/src/METR4202/install/setup.sh'
[12.118s] INFO:colcon.colcon_core.shell:Creating prefix script '/home/s4726042/turtlebot3_ws/src/METR4202/install/local_setup.bash'
[12.118s] INFO:colcon.colcon_core.shell:Creating prefix chain script '/home/s4726042/turtlebot3_ws/src/METR4202/install/setup.bash'
[12.128s] INFO:colcon.colcon_core.shell:Creating prefix script '/home/s4726042/turtlebot3_ws/src/METR4202/install/local_setup.zsh'
[12.128s] INFO:colcon.colcon_core.shell:Creating prefix chain script '/home/s4726042/turtlebot3_ws/src/METR4202/install/setup.zsh'
