[1.850s] Invoking command in '/home/s4726042/turtlebot3_ws/src/METR4202/build/ros2_aruco_interfaces': CMAKE_PREFIX_PATH=${CMAKE_PREFIX_PATH}:/home/s4726042/ros2_ws/install/m4202_py_pkg:/home/s4726042/turtlebot3_ws/install/waypoint_commander:/home/s4726042/turtlebot3_ws/install/turtlebot3_gazebo:/home/s4726042/turtlebot3_ws/install/ros2_aruco:/home/s4726042/turtlebot3_ws/install/fronTEAR_commander:/opt/ros/humble /usr/bin/cmake /home/s4726042/turtlebot3_ws/src/METR4202/ros2_aruco_interfaces -DCMAKE_INSTALL_PREFIX=/home/s4726042/turtlebot3_ws/src/METR4202/install/ros2_aruco_interfaces
[1.906s] -- Found ament_cmake: 1.3.5 (/opt/ros/humble/share/ament_cmake/cmake)
[2.567s] -- Override CMake install command with custom implementation using symlinks instead of copying resources
[2.695s] -- Found geometry_msgs: 4.2.3 (/opt/ros/humble/share/geometry_msgs/cmake)
[3.889s] -- Found rosidl_generator_c: 3.1.5 (/opt/ros/humble/share/rosidl_generator_c/cmake)
[3.929s] -- Found rosidl_adapter: 3.1.5 (/opt/ros/humble/share/rosidl_adapter/cmake)
[3.990s] -- Found rosidl_generator_cpp: 3.1.5 (/opt/ros/humble/share/rosidl_generator_cpp/cmake)
[4.069s] -- Using all available rosidl_typesupport_c: rosidl_typesupport_fastrtps_c;rosidl_typesupport_introspection_c
[4.186s] -- Using all available rosidl_typesupport_cpp: rosidl_typesupport_fastrtps_cpp;rosidl_typesupport_introspection_cpp
[4.693s] -- Found rosidl_default_generators: 1.2.0 (/opt/ros/humble/share/rosidl_default_generators/cmake)
[5.979s] -- Found ament_cmake_ros: 0.10.0 (/opt/ros/humble/share/ament_cmake_ros/cmake)
[7.243s] -- Using all available rosidl_typesupport_c: rosidl_typesupport_fastrtps_c;rosidl_typesupport_introspection_c
[7.657s] -- Using all available rosidl_typesupport_cpp: rosidl_typesupport_fastrtps_cpp;rosidl_typesupport_introspection_cpp
[7.746s] -- Found python_cmake_module: 0.10.0 (/opt/ros/humble/share/python_cmake_module/cmake)
[7.829s] -- Using PYTHON_EXECUTABLE: /usr/bin/python3
[7.829s] -- Using PYTHON_INCLUDE_DIRS: /usr/include/python3.10
[7.830s] -- Using PYTHON_LIBRARIES: /usr/lib/x86_64-linux-gnu/libpython3.10.so
[8.527s] -- Using numpy include directory: /usr/local/lib/python3.10/dist-packages/numpy/core/include
[8.574s] -- Found ament_lint_auto: 0.12.8 (/opt/ros/humble/share/ament_lint_auto/cmake)
[8.703s] -- Added test 'copyright' to check source files copyright and LICENSE
[8.709s] -- Added test 'lint_cmake' to check CMake code style
[8.714s] -- Added test 'xmllint' to check XML markup files
[8.739s] -- Configuring done
[8.864s] -- Generating done
[8.870s] -- Build files have been written to: /home/s4726042/turtlebot3_ws/src/METR4202/build/ros2_aruco_interfaces
[8.898s] Invoked command in '/home/s4726042/turtlebot3_ws/src/METR4202/build/ros2_aruco_interfaces' returned '0': CMAKE_PREFIX_PATH=${CMAKE_PREFIX_PATH}:/home/s4726042/ros2_ws/install/m4202_py_pkg:/home/s4726042/turtlebot3_ws/install/waypoint_commander:/home/s4726042/turtlebot3_ws/install/turtlebot3_gazebo:/home/s4726042/turtlebot3_ws/install/ros2_aruco:/home/s4726042/turtlebot3_ws/install/fronTEAR_commander:/opt/ros/humble /usr/bin/cmake /home/s4726042/turtlebot3_ws/src/METR4202/ros2_aruco_interfaces -DCMAKE_INSTALL_PREFIX=/home/s4726042/turtlebot3_ws/src/METR4202/install/ros2_aruco_interfaces
[8.903s] Invoking command in '/home/s4726042/turtlebot3_ws/src/METR4202/build/ros2_aruco_interfaces': CMAKE_PREFIX_PATH=${CMAKE_PREFIX_PATH}:/home/s4726042/ros2_ws/install/m4202_py_pkg:/home/s4726042/turtlebot3_ws/install/waypoint_commander:/home/s4726042/turtlebot3_ws/install/turtlebot3_gazebo:/home/s4726042/turtlebot3_ws/install/ros2_aruco:/home/s4726042/turtlebot3_ws/install/fronTEAR_commander:/opt/ros/humble /usr/bin/cmake --build /home/s4726042/turtlebot3_ws/src/METR4202/build/ros2_aruco_interfaces -- -j12 -l12
[8.986s] [35m[1mConsolidate compiler generated dependencies of target ros2_aruco_interfaces__rosidl_generator_c[0m
[9.012s] [  0%] Built target ament_cmake_python_symlink_ros2_aruco_interfaces
[9.014s] [  9%] Built target ros2_aruco_interfaces__rosidl_generator_c
[9.017s] [ 12%] Built target ros2_aruco_interfaces__cpp
[9.039s] [35m[1mConsolidate compiler generated dependencies of target ros2_aruco_interfaces__rosidl_typesupport_introspection_c[0m
[9.046s] [35m[1mConsolidate compiler generated dependencies of target ros2_aruco_interfaces__rosidl_typesupport_fastrtps_cpp[0m
[9.050s] [35m[1mConsolidate compiler generated dependencies of target ros2_aruco_interfaces__rosidl_typesupport_introspection_cpp[0m
[9.052s] [35m[1mConsolidate compiler generated dependencies of target ros2_aruco_interfaces__rosidl_typesupport_cpp[0m
[9.057s] [35m[1mConsolidate compiler generated dependencies of target ros2_aruco_interfaces__rosidl_typesupport_c[0m
[9.073s] [ 22%] Built target ros2_aruco_interfaces__rosidl_typesupport_introspection_c
[9.077s] [ 32%] Built target ros2_aruco_interfaces__rosidl_typesupport_cpp
[9.086s] [ 41%] Built target ros2_aruco_interfaces__rosidl_typesupport_fastrtps_cpp
[9.093s] [ 51%] Built target ros2_aruco_interfaces__rosidl_typesupport_introspection_cpp
[9.097s] [ 61%] Built target ros2_aruco_interfaces__rosidl_typesupport_c
[9.105s] [35m[1mConsolidate compiler generated dependencies of target ros2_aruco_interfaces__rosidl_typesupport_fastrtps_c[0m
[9.124s] [ 70%] Built target ros2_aruco_interfaces__rosidl_typesupport_fastrtps_c
[9.169s] [ 70%] Built target ros2_aruco_interfaces
[9.221s] [ 74%] Built target ros2_aruco_interfaces__py
[9.245s] [35m[1mConsolidate compiler generated dependencies of target ros2_aruco_interfaces__rosidl_generator_py[0m
[9.264s] [ 80%] Built target ros2_aruco_interfaces__rosidl_generator_py
[9.288s] [35m[1mConsolidate compiler generated dependencies of target ros2_aruco_interfaces__rosidl_typesupport_c__pyext[0m
[9.294s] [35m[1mConsolidate compiler generated dependencies of target ros2_aruco_interfaces__rosidl_typesupport_introspection_c__pyext[0m
[9.300s] [35m[1mConsolidate compiler generated dependencies of target ros2_aruco_interfaces__rosidl_typesupport_fastrtps_c__pyext[0m
[9.325s] [ 87%] Built target ros2_aruco_interfaces__rosidl_typesupport_c__pyext
[9.332s] [ 93%] Built target ros2_aruco_interfaces__rosidl_typesupport_fastrtps_c__pyext
[9.335s] [100%] Built target ros2_aruco_interfaces__rosidl_typesupport_introspection_c__pyext
[9.715s] running egg_info
[9.721s] writing manifest file 'ros2_aruco_interfaces.egg-info/SOURCES.txt'
[9.786s] [100%] Built target ament_cmake_python_build_ros2_aruco_interfaces_egg
[9.823s] Invoked command in '/home/s4726042/turtlebot3_ws/src/METR4202/build/ros2_aruco_interfaces' returned '0': CMAKE_PREFIX_PATH=${CMAKE_PREFIX_PATH}:/home/s4726042/ros2_ws/install/m4202_py_pkg:/home/s4726042/turtlebot3_ws/install/waypoint_commander:/home/s4726042/turtlebot3_ws/install/turtlebot3_gazebo:/home/s4726042/turtlebot3_ws/install/ros2_aruco:/home/s4726042/turtlebot3_ws/install/fronTEAR_commander:/opt/ros/humble /usr/bin/cmake --build /home/s4726042/turtlebot3_ws/src/METR4202/build/ros2_aruco_interfaces -- -j12 -l12
[10.004s] Invoking command in '/home/s4726042/turtlebot3_ws/src/METR4202/build/ros2_aruco_interfaces': CMAKE_PREFIX_PATH=${CMAKE_PREFIX_PATH}:/home/s4726042/ros2_ws/install/m4202_py_pkg:/home/s4726042/turtlebot3_ws/install/waypoint_commander:/home/s4726042/turtlebot3_ws/install/turtlebot3_gazebo:/home/s4726042/turtlebot3_ws/install/ros2_aruco:/home/s4726042/turtlebot3_ws/install/fronTEAR_commander:/opt/ros/humble /usr/bin/cmake --install /home/s4726042/turtlebot3_ws/src/METR4202/build/ros2_aruco_interfaces
[10.020s] -- Install configuration: ""
[10.020s] -- Execute custom install script
[10.021s] -- Up-to-date symlink: /home/s4726042/turtlebot3_ws/src/METR4202/install/ros2_aruco_interfaces/share/ament_index/resource_index/rosidl_interfaces/ros2_aruco_interfaces
[10.021s] -- Up-to-date symlink: /home/s4726042/turtlebot3_ws/src/METR4202/install/ros2_aruco_interfaces/include/ros2_aruco_interfaces/ros2_aruco_interfaces/msg/aruco_markers.h
[10.021s] -- Up-to-date symlink: /home/s4726042/turtlebot3_ws/src/METR4202/install/ros2_aruco_interfaces/include/ros2_aruco_interfaces/ros2_aruco_interfaces/msg/detail/aruco_markers__functions.h
[10.023s] -- Up-to-date symlink: /home/s4726042/turtlebot3_ws/src/METR4202/install/ros2_aruco_interfaces/include/ros2_aruco_interfaces/ros2_aruco_interfaces/msg/detail/aruco_markers__struct.h
[10.023s] -- Up-to-date symlink: /home/s4726042/turtlebot3_ws/src/METR4202/install/ros2_aruco_interfaces/include/ros2_aruco_interfaces/ros2_aruco_interfaces/msg/detail/aruco_markers__type_support.h
[10.023s] -- Up-to-date symlink: /home/s4726042/turtlebot3_ws/src/METR4202/install/ros2_aruco_interfaces/include/ros2_aruco_interfaces/ros2_aruco_interfaces/msg/rosidl_generator_c__visibility_control.h
[10.023s] -- Up-to-date symlink: /home/s4726042/turtlebot3_ws/src/METR4202/install/ros2_aruco_interfaces/share/ros2_aruco_interfaces/environment/library_path.sh
[10.024s] -- Up-to-date symlink: /home/s4726042/turtlebot3_ws/src/METR4202/install/ros2_aruco_interfaces/share/ros2_aruco_interfaces/environment/library_path.dsv
[10.024s] -- Up-to-date symlink: /home/s4726042/turtlebot3_ws/src/METR4202/install/ros2_aruco_interfaces/include/ros2_aruco_interfaces/ros2_aruco_interfaces/msg/detail/aruco_markers__rosidl_typesupport_fastrtps_c.h
[10.024s] -- Up-to-date symlink: /home/s4726042/turtlebot3_ws/src/METR4202/install/ros2_aruco_interfaces/include/ros2_aruco_interfaces/ros2_aruco_interfaces/msg/rosidl_typesupport_fastrtps_c__visibility_control.h
[10.027s] -- Up-to-date symlink: /home/s4726042/turtlebot3_ws/src/METR4202/install/ros2_aruco_interfaces/include/ros2_aruco_interfaces/ros2_aruco_interfaces/msg/aruco_markers.hpp
[10.028s] -- Up-to-date symlink: /home/s4726042/turtlebot3_ws/src/METR4202/install/ros2_aruco_interfaces/include/ros2_aruco_interfaces/ros2_aruco_interfaces/msg/detail/aruco_markers__builder.hpp
[10.029s] -- Up-to-date symlink: /home/s4726042/turtlebot3_ws/src/METR4202/install/ros2_aruco_interfaces/include/ros2_aruco_interfaces/ros2_aruco_interfaces/msg/detail/aruco_markers__struct.hpp
[10.030s] -- Up-to-date symlink: /home/s4726042/turtlebot3_ws/src/METR4202/install/ros2_aruco_interfaces/include/ros2_aruco_interfaces/ros2_aruco_interfaces/msg/detail/aruco_markers__traits.hpp
[10.030s] -- Up-to-date symlink: /home/s4726042/turtlebot3_ws/src/METR4202/install/ros2_aruco_interfaces/include/ros2_aruco_interfaces/ros2_aruco_interfaces/msg/detail/aruco_markers__rosidl_typesupport_fastrtps_cpp.hpp
[10.033s] -- Up-to-date symlink: /home/s4726042/turtlebot3_ws/src/METR4202/install/ros2_aruco_interfaces/include/ros2_aruco_interfaces/ros2_aruco_interfaces/msg/rosidl_typesupport_fastrtps_cpp__visibility_control.h
[10.035s] -- Up-to-date symlink: /home/s4726042/turtlebot3_ws/src/METR4202/install/ros2_aruco_interfaces/include/ros2_aruco_interfaces/ros2_aruco_interfaces/msg/detail/aruco_markers__rosidl_typesupport_introspection_c.h
[10.036s] -- Up-to-date symlink: /home/s4726042/turtlebot3_ws/src/METR4202/install/ros2_aruco_interfaces/include/ros2_aruco_interfaces/ros2_aruco_interfaces/msg/rosidl_typesupport_introspection_c__visibility_control.h
[10.036s] -- Up-to-date symlink: /home/s4726042/turtlebot3_ws/src/METR4202/install/ros2_aruco_interfaces/include/ros2_aruco_interfaces/ros2_aruco_interfaces/msg/detail/aruco_markers__rosidl_typesupport_introspection_cpp.hpp
[10.036s] -- Up-to-date symlink: /home/s4726042/turtlebot3_ws/src/METR4202/install/ros2_aruco_interfaces/share/ros2_aruco_interfaces/environment/pythonpath.sh
[10.036s] -- Up-to-date symlink: /home/s4726042/turtlebot3_ws/src/METR4202/install/ros2_aruco_interfaces/share/ros2_aruco_interfaces/environment/pythonpath.dsv
[10.036s] -- Up-to-date symlink: /home/s4726042/turtlebot3_ws/src/METR4202/install/ros2_aruco_interfaces/local/lib/python3.10/dist-packages/ros2_aruco_interfaces-0.1.0-py3.10.egg-info/PKG-INFO
[10.037s] -- Up-to-date symlink: /home/s4726042/turtlebot3_ws/src/METR4202/install/ros2_aruco_interfaces/local/lib/python3.10/dist-packages/ros2_aruco_interfaces-0.1.0-py3.10.egg-info/SOURCES.txt
[10.038s] -- Up-to-date symlink: /home/s4726042/turtlebot3_ws/src/METR4202/install/ros2_aruco_interfaces/local/lib/python3.10/dist-packages/ros2_aruco_interfaces-0.1.0-py3.10.egg-info/dependency_links.txt
[10.039s] -- Up-to-date symlink: /home/s4726042/turtlebot3_ws/src/METR4202/install/ros2_aruco_interfaces/local/lib/python3.10/dist-packages/ros2_aruco_interfaces-0.1.0-py3.10.egg-info/top_level.txt
[10.039s] -- Up-to-date symlink: /home/s4726042/turtlebot3_ws/src/METR4202/install/ros2_aruco_interfaces/local/lib/python3.10/dist-packages/ros2_aruco_interfaces/__init__.py
[10.039s] -- Up-to-date symlink: /home/s4726042/turtlebot3_ws/src/METR4202/install/ros2_aruco_interfaces/local/lib/python3.10/dist-packages/ros2_aruco_interfaces/_ros2_aruco_interfaces_s.ep.rosidl_typesupport_c.c
[10.040s] -- Up-to-date symlink: /home/s4726042/turtlebot3_ws/src/METR4202/install/ros2_aruco_interfaces/local/lib/python3.10/dist-packages/ros2_aruco_interfaces/_ros2_aruco_interfaces_s.ep.rosidl_typesupport_fastrtps_c.c
[10.040s] -- Up-to-date symlink: /home/s4726042/turtlebot3_ws/src/METR4202/install/ros2_aruco_interfaces/local/lib/python3.10/dist-packages/ros2_aruco_interfaces/_ros2_aruco_interfaces_s.ep.rosidl_typesupport_introspection_c.c
[10.040s] -- Up-to-date symlink: /home/s4726042/turtlebot3_ws/src/METR4202/install/ros2_aruco_interfaces/local/lib/python3.10/dist-packages/ros2_aruco_interfaces/libros2_aruco_interfaces__rosidl_generator_py.so
[10.040s] -- Up-to-date symlink: /home/s4726042/turtlebot3_ws/src/METR4202/install/ros2_aruco_interfaces/local/lib/python3.10/dist-packages/ros2_aruco_interfaces/msg/__init__.py
[10.040s] -- Up-to-date symlink: /home/s4726042/turtlebot3_ws/src/METR4202/install/ros2_aruco_interfaces/local/lib/python3.10/dist-packages/ros2_aruco_interfaces/msg/_aruco_markers.py
[10.040s] -- Up-to-date symlink: /home/s4726042/turtlebot3_ws/src/METR4202/install/ros2_aruco_interfaces/local/lib/python3.10/dist-packages/ros2_aruco_interfaces/msg/_aruco_markers_s.c
[10.040s] -- Up-to-date symlink: /home/s4726042/turtlebot3_ws/src/METR4202/install/ros2_aruco_interfaces/local/lib/python3.10/dist-packages/ros2_aruco_interfaces/ros2_aruco_interfaces_s__rosidl_typesupport_c.cpython-310-x86_64-linux-gnu.so
[10.040s] -- Up-to-date symlink: /home/s4726042/turtlebot3_ws/src/METR4202/install/ros2_aruco_interfaces/local/lib/python3.10/dist-packages/ros2_aruco_interfaces/ros2_aruco_interfaces_s__rosidl_typesupport_fastrtps_c.cpython-310-x86_64-linux-gnu.so
[10.040s] -- Up-to-date symlink: /home/s4726042/turtlebot3_ws/src/METR4202/install/ros2_aruco_interfaces/local/lib/python3.10/dist-packages/ros2_aruco_interfaces/ros2_aruco_interfaces_s__rosidl_typesupport_introspection_c.cpython-310-x86_64-linux-gnu.so
[10.040s] -- Up-to-date symlink: /home/s4726042/turtlebot3_ws/src/METR4202/install/ros2_aruco_interfaces/local/lib/python3.10/dist-packages/ros2_aruco_interfaces/ros2_aruco_interfaces_s__rosidl_typesupport_fastrtps_c.cpython-310-x86_64-linux-gnu.so
[10.040s] -- Up-to-date symlink: /home/s4726042/turtlebot3_ws/src/METR4202/install/ros2_aruco_interfaces/local/lib/python3.10/dist-packages/ros2_aruco_interfaces/ros2_aruco_interfaces_s__rosidl_typesupport_introspection_c.cpython-310-x86_64-linux-gnu.so
[10.041s] -- Up-to-date symlink: /home/s4726042/turtlebot3_ws/src/METR4202/install/ros2_aruco_interfaces/local/lib/python3.10/dist-packages/ros2_aruco_interfaces/ros2_aruco_interfaces_s__rosidl_typesupport_c.cpython-310-x86_64-linux-gnu.so
[10.041s] -- Up-to-date symlink: /home/s4726042/turtlebot3_ws/src/METR4202/install/ros2_aruco_interfaces/share/ros2_aruco_interfaces/msg/ArucoMarkers.idl
[10.041s] -- Up-to-date symlink: /home/s4726042/turtlebot3_ws/src/METR4202/install/ros2_aruco_interfaces/share/ros2_aruco_interfaces/msg/ArucoMarkers.msg
[10.042s] -- Up-to-date symlink: /home/s4726042/turtlebot3_ws/src/METR4202/install/ros2_aruco_interfaces/share/ament_index/resource_index/package_run_dependencies/ros2_aruco_interfaces
[10.042s] -- Up-to-date symlink: /home/s4726042/turtlebot3_ws/src/METR4202/install/ros2_aruco_interfaces/share/ament_index/resource_index/parent_prefix_path/ros2_aruco_interfaces
[10.042s] -- Up-to-date symlink: /home/s4726042/turtlebot3_ws/src/METR4202/install/ros2_aruco_interfaces/share/ros2_aruco_interfaces/environment/ament_prefix_path.sh
[10.042s] -- Up-to-date symlink: /home/s4726042/turtlebot3_ws/src/METR4202/install/ros2_aruco_interfaces/share/ros2_aruco_interfaces/environment/ament_prefix_path.dsv
[10.042s] -- Up-to-date symlink: /home/s4726042/turtlebot3_ws/src/METR4202/install/ros2_aruco_interfaces/share/ros2_aruco_interfaces/environment/path.sh
[10.042s] -- Up-to-date symlink: /home/s4726042/turtlebot3_ws/src/METR4202/install/ros2_aruco_interfaces/share/ros2_aruco_interfaces/environment/path.dsv
[10.042s] -- Up-to-date symlink: /home/s4726042/turtlebot3_ws/src/METR4202/install/ros2_aruco_interfaces/share/ros2_aruco_interfaces/local_setup.bash
[10.043s] -- Up-to-date symlink: /home/s4726042/turtlebot3_ws/src/METR4202/install/ros2_aruco_interfaces/share/ros2_aruco_interfaces/local_setup.sh
[10.043s] -- Up-to-date symlink: /home/s4726042/turtlebot3_ws/src/METR4202/install/ros2_aruco_interfaces/share/ros2_aruco_interfaces/local_setup.zsh
[10.043s] -- Up-to-date symlink: /home/s4726042/turtlebot3_ws/src/METR4202/install/ros2_aruco_interfaces/share/ros2_aruco_interfaces/local_setup.dsv
[10.043s] -- Symlinking: /home/s4726042/turtlebot3_ws/src/METR4202/install/ros2_aruco_interfaces/share/ros2_aruco_interfaces/package.dsv
[10.050s] -- Up-to-date symlink: /home/s4726042/turtlebot3_ws/src/METR4202/install/ros2_aruco_interfaces/share/ament_index/resource_index/packages/ros2_aruco_interfaces
[10.052s] -- Up-to-date symlink: /home/s4726042/turtlebot3_ws/src/METR4202/install/ros2_aruco_interfaces/share/ros2_aruco_interfaces/cmake/rosidl_cmake-extras.cmake
[10.053s] -- Up-to-date symlink: /home/s4726042/turtlebot3_ws/src/METR4202/install/ros2_aruco_interfaces/share/ros2_aruco_interfaces/cmake/ament_cmake_export_dependencies-extras.cmake
[10.053s] -- Up-to-date symlink: /home/s4726042/turtlebot3_ws/src/METR4202/install/ros2_aruco_interfaces/share/ros2_aruco_interfaces/cmake/ament_cmake_export_include_directories-extras.cmake
[10.054s] -- Up-to-date symlink: /home/s4726042/turtlebot3_ws/src/METR4202/install/ros2_aruco_interfaces/share/ros2_aruco_interfaces/cmake/ament_cmake_export_libraries-extras.cmake
[10.055s] -- Up-to-date symlink: /home/s4726042/turtlebot3_ws/src/METR4202/install/ros2_aruco_interfaces/share/ros2_aruco_interfaces/cmake/ament_cmake_export_targets-extras.cmake
[10.056s] -- Up-to-date symlink: /home/s4726042/turtlebot3_ws/src/METR4202/install/ros2_aruco_interfaces/share/ros2_aruco_interfaces/cmake/rosidl_cmake_export_typesupport_targets-extras.cmake
[10.056s] -- Up-to-date symlink: /home/s4726042/turtlebot3_ws/src/METR4202/install/ros2_aruco_interfaces/share/ros2_aruco_interfaces/cmake/rosidl_cmake_export_typesupport_libraries-extras.cmake
[10.057s] -- Up-to-date symlink: /home/s4726042/turtlebot3_ws/src/METR4202/install/ros2_aruco_interfaces/share/ros2_aruco_interfaces/cmake/ros2_aruco_interfacesConfig.cmake
[10.057s] -- Up-to-date symlink: /home/s4726042/turtlebot3_ws/src/METR4202/install/ros2_aruco_interfaces/share/ros2_aruco_interfaces/cmake/ros2_aruco_interfacesConfig-version.cmake
[10.058s] -- Up-to-date symlink: /home/s4726042/turtlebot3_ws/src/METR4202/install/ros2_aruco_interfaces/share/ros2_aruco_interfaces/package.xml
[10.058s] -- Up-to-date: /home/s4726042/turtlebot3_ws/src/METR4202/install/ros2_aruco_interfaces/lib/libros2_aruco_interfaces__rosidl_generator_c.so
[10.058s] -- Up-to-date: /home/s4726042/turtlebot3_ws/src/METR4202/install/ros2_aruco_interfaces/lib/libros2_aruco_interfaces__rosidl_typesupport_fastrtps_c.so
[10.058s] -- Up-to-date: /home/s4726042/turtlebot3_ws/src/METR4202/install/ros2_aruco_interfaces/lib/libros2_aruco_interfaces__rosidl_typesupport_fastrtps_cpp.so
[10.058s] -- Up-to-date: /home/s4726042/turtlebot3_ws/src/METR4202/install/ros2_aruco_interfaces/lib/libros2_aruco_interfaces__rosidl_typesupport_introspection_c.so
[10.058s] -- Up-to-date: /home/s4726042/turtlebot3_ws/src/METR4202/install/ros2_aruco_interfaces/lib/libros2_aruco_interfaces__rosidl_typesupport_c.so
[10.058s] -- Up-to-date: /home/s4726042/turtlebot3_ws/src/METR4202/install/ros2_aruco_interfaces/lib/libros2_aruco_interfaces__rosidl_typesupport_introspection_cpp.so
[10.059s] -- Up-to-date: /home/s4726042/turtlebot3_ws/src/METR4202/install/ros2_aruco_interfaces/lib/libros2_aruco_interfaces__rosidl_typesupport_cpp.so
[10.137s] Listing '/home/s4726042/turtlebot3_ws/src/METR4202/install/ros2_aruco_interfaces/local/lib/python3.10/dist-packages/ros2_aruco_interfaces'...
[10.137s] Compiling '/home/s4726042/turtlebot3_ws/src/METR4202/install/ros2_aruco_interfaces/local/lib/python3.10/dist-packages/ros2_aruco_interfaces/__init__.py'...
[10.137s] Listing '/home/s4726042/turtlebot3_ws/src/METR4202/install/ros2_aruco_interfaces/local/lib/python3.10/dist-packages/ros2_aruco_interfaces/msg'...
[10.152s] -- Up-to-date: /home/s4726042/turtlebot3_ws/src/METR4202/install/ros2_aruco_interfaces/lib/libros2_aruco_interfaces__rosidl_generator_py.so
[10.154s] -- Up-to-date: /home/s4726042/turtlebot3_ws/src/METR4202/install/ros2_aruco_interfaces/share/ros2_aruco_interfaces/cmake/export_ros2_aruco_interfaces__rosidl_generator_cExport.cmake
[10.155s] -- Up-to-date: /home/s4726042/turtlebot3_ws/src/METR4202/install/ros2_aruco_interfaces/share/ros2_aruco_interfaces/cmake/export_ros2_aruco_interfaces__rosidl_generator_cExport-noconfig.cmake
[10.156s] -- Up-to-date: /home/s4726042/turtlebot3_ws/src/METR4202/install/ros2_aruco_interfaces/share/ros2_aruco_interfaces/cmake/export_ros2_aruco_interfaces__rosidl_typesupport_fastrtps_cExport.cmake
[10.156s] -- Up-to-date: /home/s4726042/turtlebot3_ws/src/METR4202/install/ros2_aruco_interfaces/share/ros2_aruco_interfaces/cmake/export_ros2_aruco_interfaces__rosidl_typesupport_fastrtps_cExport-noconfig.cmake
[10.156s] -- Up-to-date: /home/s4726042/turtlebot3_ws/src/METR4202/install/ros2_aruco_interfaces/share/ros2_aruco_interfaces/cmake/export_ros2_aruco_interfaces__rosidl_generator_cppExport.cmake
[10.156s] -- Up-to-date: /home/s4726042/turtlebot3_ws/src/METR4202/install/ros2_aruco_interfaces/share/ros2_aruco_interfaces/cmake/export_ros2_aruco_interfaces__rosidl_typesupport_fastrtps_cppExport.cmake
[10.157s] -- Up-to-date: /home/s4726042/turtlebot3_ws/src/METR4202/install/ros2_aruco_interfaces/share/ros2_aruco_interfaces/cmake/export_ros2_aruco_interfaces__rosidl_typesupport_fastrtps_cppExport-noconfig.cmake
[10.157s] -- Up-to-date: /home/s4726042/turtlebot3_ws/src/METR4202/install/ros2_aruco_interfaces/share/ros2_aruco_interfaces/cmake/ros2_aruco_interfaces__rosidl_typesupport_introspection_cExport.cmake
[10.157s] -- Up-to-date: /home/s4726042/turtlebot3_ws/src/METR4202/install/ros2_aruco_interfaces/share/ros2_aruco_interfaces/cmake/ros2_aruco_interfaces__rosidl_typesupport_introspection_cExport-noconfig.cmake
[10.159s] -- Up-to-date: /home/s4726042/turtlebot3_ws/src/METR4202/install/ros2_aruco_interfaces/share/ros2_aruco_interfaces/cmake/ros2_aruco_interfaces__rosidl_typesupport_cExport.cmake
[10.160s] -- Up-to-date: /home/s4726042/turtlebot3_ws/src/METR4202/install/ros2_aruco_interfaces/share/ros2_aruco_interfaces/cmake/ros2_aruco_interfaces__rosidl_typesupport_cExport-noconfig.cmake
[10.160s] -- Up-to-date: /home/s4726042/turtlebot3_ws/src/METR4202/install/ros2_aruco_interfaces/share/ros2_aruco_interfaces/cmake/ros2_aruco_interfaces__rosidl_typesupport_introspection_cppExport.cmake
[10.160s] -- Up-to-date: /home/s4726042/turtlebot3_ws/src/METR4202/install/ros2_aruco_interfaces/share/ros2_aruco_interfaces/cmake/ros2_aruco_interfaces__rosidl_typesupport_introspection_cppExport-noconfig.cmake
[10.160s] -- Up-to-date: /home/s4726042/turtlebot3_ws/src/METR4202/install/ros2_aruco_interfaces/share/ros2_aruco_interfaces/cmake/ros2_aruco_interfaces__rosidl_typesupport_cppExport.cmake
[10.161s] -- Up-to-date: /home/s4726042/turtlebot3_ws/src/METR4202/install/ros2_aruco_interfaces/share/ros2_aruco_interfaces/cmake/ros2_aruco_interfaces__rosidl_typesupport_cppExport-noconfig.cmake
[10.162s] -- Up-to-date: /home/s4726042/turtlebot3_ws/src/METR4202/install/ros2_aruco_interfaces/share/ros2_aruco_interfaces/cmake/export_ros2_aruco_interfaces__rosidl_generator_pyExport.cmake
[10.165s] -- Up-to-date: /home/s4726042/turtlebot3_ws/src/METR4202/install/ros2_aruco_interfaces/share/ros2_aruco_interfaces/cmake/export_ros2_aruco_interfaces__rosidl_generator_pyExport-noconfig.cmake
[10.171s] Invoked command in '/home/s4726042/turtlebot3_ws/src/METR4202/build/ros2_aruco_interfaces' returned '0': CMAKE_PREFIX_PATH=${CMAKE_PREFIX_PATH}:/home/s4726042/ros2_ws/install/m4202_py_pkg:/home/s4726042/turtlebot3_ws/install/waypoint_commander:/home/s4726042/turtlebot3_ws/install/turtlebot3_gazebo:/home/s4726042/turtlebot3_ws/install/ros2_aruco:/home/s4726042/turtlebot3_ws/install/fronTEAR_commander:/opt/ros/humble /usr/bin/cmake --install /home/s4726042/turtlebot3_ws/src/METR4202/build/ros2_aruco_interfaces
