[1.648s] Invoking command in '/home/s4726042/turtlebot3_ws/src/METR4202/build/ros2_aruco_interfaces': CMAKE_PREFIX_PATH=${CMAKE_PREFIX_PATH}:/home/s4726042/ros2_ws/install/m4202_py_pkg:/home/s4726042/turtlebot3_ws/install/waypoint_commander:/home/s4726042/turtlebot3_ws/install/turtlebot3_gazebo:/home/s4726042/turtlebot3_ws/install/ros2_aruco:/home/s4726042/turtlebot3_ws/install/fronTEAR_commander:/opt/ros/humble /usr/bin/cmake --build /home/s4726042/turtlebot3_ws/src/METR4202/build/ros2_aruco_interfaces -- -j12 -l12
[1.781s] [  3%] Built target ros2_aruco_interfaces__cpp
[1.782s] [ 12%] Built target ros2_aruco_interfaces__rosidl_generator_c
[1.796s] [ 12%] Built target ament_cmake_python_symlink_ros2_aruco_interfaces
[1.841s] [ 22%] Built target ros2_aruco_interfaces__rosidl_typesupport_c
[1.847s] [ 32%] Built target ros2_aruco_interfaces__rosidl_typesupport_fastrtps_cpp
[1.849s] [ 41%] Built target ros2_aruco_interfaces__rosidl_typesupport_introspection_c
[1.855s] [ 51%] Built target ros2_aruco_interfaces__rosidl_typesupport_cpp
[1.858s] [ 61%] Built target ros2_aruco_interfaces__rosidl_typesupport_introspection_cpp
[1.864s] [ 70%] Built target ros2_aruco_interfaces__rosidl_typesupport_fastrtps_c
[1.895s] [ 70%] Built target ros2_aruco_interfaces
[1.955s] [ 74%] Built target ros2_aruco_interfaces__py
[2.019s] [ 80%] Built target ros2_aruco_interfaces__rosidl_generator_py
[2.064s] [ 87%] Built target ros2_aruco_interfaces__rosidl_typesupport_c__pyext
[2.078s] [ 93%] Built target ros2_aruco_interfaces__rosidl_typesupport_introspection_c__pyext
[2.092s] [100%] Built target ros2_aruco_interfaces__rosidl_typesupport_fastrtps_c__pyext
[2.582s] running egg_info
[2.594s] writing manifest file 'ros2_aruco_interfaces.egg-info/SOURCES.txt'
[2.683s] [100%] Built target ament_cmake_python_build_ros2_aruco_interfaces_egg
[2.717s] Invoked command in '/home/s4726042/turtlebot3_ws/src/METR4202/build/ros2_aruco_interfaces' returned '0': CMAKE_PREFIX_PATH=${CMAKE_PREFIX_PATH}:/home/s4726042/ros2_ws/install/m4202_py_pkg:/home/s4726042/turtlebot3_ws/install/waypoint_commander:/home/s4726042/turtlebot3_ws/install/turtlebot3_gazebo:/home/s4726042/turtlebot3_ws/install/ros2_aruco:/home/s4726042/turtlebot3_ws/install/fronTEAR_commander:/opt/ros/humble /usr/bin/cmake --build /home/s4726042/turtlebot3_ws/src/METR4202/build/ros2_aruco_interfaces -- -j12 -l12
[2.891s] Invoking command in '/home/s4726042/turtlebot3_ws/src/METR4202/build/ros2_aruco_interfaces': CMAKE_PREFIX_PATH=${CMAKE_PREFIX_PATH}:/home/s4726042/ros2_ws/install/m4202_py_pkg:/home/s4726042/turtlebot3_ws/install/waypoint_commander:/home/s4726042/turtlebot3_ws/install/turtlebot3_gazebo:/home/s4726042/turtlebot3_ws/install/ros2_aruco:/home/s4726042/turtlebot3_ws/install/fronTEAR_commander:/opt/ros/humble /usr/bin/cmake --install /home/s4726042/turtlebot3_ws/src/METR4202/build/ros2_aruco_interfaces
[2.908s] -- Install configuration: ""
[2.910s] -- Execute custom install script
[2.911s] -- Up-to-date symlink: /home/s4726042/turtlebot3_ws/src/METR4202/install/ros2_aruco_interfaces/share/ament_index/resource_index/rosidl_interfaces/ros2_aruco_interfaces
[2.913s] -- Up-to-date symlink: /home/s4726042/turtlebot3_ws/src/METR4202/install/ros2_aruco_interfaces/include/ros2_aruco_interfaces/ros2_aruco_interfaces/msg/aruco_markers.h
[2.914s] -- Up-to-date symlink: /home/s4726042/turtlebot3_ws/src/METR4202/install/ros2_aruco_interfaces/include/ros2_aruco_interfaces/ros2_aruco_interfaces/msg/detail/aruco_markers__functions.h
[2.915s] -- Up-to-date symlink: /home/s4726042/turtlebot3_ws/src/METR4202/install/ros2_aruco_interfaces/include/ros2_aruco_interfaces/ros2_aruco_interfaces/msg/detail/aruco_markers__struct.h
[2.915s] -- Up-to-date symlink: /home/s4726042/turtlebot3_ws/src/METR4202/install/ros2_aruco_interfaces/include/ros2_aruco_interfaces/ros2_aruco_interfaces/msg/detail/aruco_markers__type_support.h
[2.915s] -- Up-to-date symlink: /home/s4726042/turtlebot3_ws/src/METR4202/install/ros2_aruco_interfaces/include/ros2_aruco_interfaces/ros2_aruco_interfaces/msg/rosidl_generator_c__visibility_control.h
[2.916s] -- Up-to-date symlink: /home/s4726042/turtlebot3_ws/src/METR4202/install/ros2_aruco_interfaces/share/ros2_aruco_interfaces/environment/library_path.sh
[2.918s] -- Up-to-date symlink: /home/s4726042/turtlebot3_ws/src/METR4202/install/ros2_aruco_interfaces/share/ros2_aruco_interfaces/environment/library_path.dsv
[2.919s] -- Up-to-date symlink: /home/s4726042/turtlebot3_ws/src/METR4202/install/ros2_aruco_interfaces/include/ros2_aruco_interfaces/ros2_aruco_interfaces/msg/detail/aruco_markers__rosidl_typesupport_fastrtps_c.h
[2.919s] -- Up-to-date symlink: /home/s4726042/turtlebot3_ws/src/METR4202/install/ros2_aruco_interfaces/include/ros2_aruco_interfaces/ros2_aruco_interfaces/msg/rosidl_typesupport_fastrtps_c__visibility_control.h
[2.920s] -- Up-to-date symlink: /home/s4726042/turtlebot3_ws/src/METR4202/install/ros2_aruco_interfaces/include/ros2_aruco_interfaces/ros2_aruco_interfaces/msg/aruco_markers.hpp
[2.921s] -- Up-to-date symlink: /home/s4726042/turtlebot3_ws/src/METR4202/install/ros2_aruco_interfaces/include/ros2_aruco_interfaces/ros2_aruco_interfaces/msg/detail/aruco_markers__builder.hpp
[2.921s] -- Up-to-date symlink: /home/s4726042/turtlebot3_ws/src/METR4202/install/ros2_aruco_interfaces/include/ros2_aruco_interfaces/ros2_aruco_interfaces/msg/detail/aruco_markers__struct.hpp
[2.922s] -- Up-to-date symlink: /home/s4726042/turtlebot3_ws/src/METR4202/install/ros2_aruco_interfaces/include/ros2_aruco_interfaces/ros2_aruco_interfaces/msg/detail/aruco_markers__traits.hpp
[2.923s] -- Up-to-date symlink: /home/s4726042/turtlebot3_ws/src/METR4202/install/ros2_aruco_interfaces/include/ros2_aruco_interfaces/ros2_aruco_interfaces/msg/detail/aruco_markers__rosidl_typesupport_fastrtps_cpp.hpp
[2.924s] -- Up-to-date symlink: /home/s4726042/turtlebot3_ws/src/METR4202/install/ros2_aruco_interfaces/include/ros2_aruco_interfaces/ros2_aruco_interfaces/msg/rosidl_typesupport_fastrtps_cpp__visibility_control.h
[2.925s] -- Up-to-date symlink: /home/s4726042/turtlebot3_ws/src/METR4202/install/ros2_aruco_interfaces/include/ros2_aruco_interfaces/ros2_aruco_interfaces/msg/detail/aruco_markers__rosidl_typesupport_introspection_c.h
[2.927s] -- Up-to-date symlink: /home/s4726042/turtlebot3_ws/src/METR4202/install/ros2_aruco_interfaces/include/ros2_aruco_interfaces/ros2_aruco_interfaces/msg/rosidl_typesupport_introspection_c__visibility_control.h
[2.928s] -- Up-to-date symlink: /home/s4726042/turtlebot3_ws/src/METR4202/install/ros2_aruco_interfaces/include/ros2_aruco_interfaces/ros2_aruco_interfaces/msg/detail/aruco_markers__rosidl_typesupport_introspection_cpp.hpp
[2.928s] -- Up-to-date symlink: /home/s4726042/turtlebot3_ws/src/METR4202/install/ros2_aruco_interfaces/share/ros2_aruco_interfaces/environment/pythonpath.sh
[2.928s] -- Up-to-date symlink: /home/s4726042/turtlebot3_ws/src/METR4202/install/ros2_aruco_interfaces/share/ros2_aruco_interfaces/environment/pythonpath.dsv
[2.928s] -- Up-to-date symlink: /home/s4726042/turtlebot3_ws/src/METR4202/install/ros2_aruco_interfaces/local/lib/python3.10/dist-packages/ros2_aruco_interfaces-0.1.0-py3.10.egg-info/PKG-INFO
[2.928s] -- Up-to-date symlink: /home/s4726042/turtlebot3_ws/src/METR4202/install/ros2_aruco_interfaces/local/lib/python3.10/dist-packages/ros2_aruco_interfaces-0.1.0-py3.10.egg-info/SOURCES.txt
[2.928s] -- Up-to-date symlink: /home/s4726042/turtlebot3_ws/src/METR4202/install/ros2_aruco_interfaces/local/lib/python3.10/dist-packages/ros2_aruco_interfaces-0.1.0-py3.10.egg-info/dependency_links.txt
[2.929s] -- Up-to-date symlink: /home/s4726042/turtlebot3_ws/src/METR4202/install/ros2_aruco_interfaces/local/lib/python3.10/dist-packages/ros2_aruco_interfaces-0.1.0-py3.10.egg-info/top_level.txt
[2.929s] -- Up-to-date symlink: /home/s4726042/turtlebot3_ws/src/METR4202/install/ros2_aruco_interfaces/local/lib/python3.10/dist-packages/ros2_aruco_interfaces/__init__.py
[2.929s] -- Up-to-date symlink: /home/s4726042/turtlebot3_ws/src/METR4202/install/ros2_aruco_interfaces/local/lib/python3.10/dist-packages/ros2_aruco_interfaces/_ros2_aruco_interfaces_s.ep.rosidl_typesupport_c.c
[2.930s] -- Up-to-date symlink: /home/s4726042/turtlebot3_ws/src/METR4202/install/ros2_aruco_interfaces/local/lib/python3.10/dist-packages/ros2_aruco_interfaces/_ros2_aruco_interfaces_s.ep.rosidl_typesupport_fastrtps_c.c
[2.931s] -- Up-to-date symlink: /home/s4726042/turtlebot3_ws/src/METR4202/install/ros2_aruco_interfaces/local/lib/python3.10/dist-packages/ros2_aruco_interfaces/_ros2_aruco_interfaces_s.ep.rosidl_typesupport_introspection_c.c
[2.931s] -- Up-to-date symlink: /home/s4726042/turtlebot3_ws/src/METR4202/install/ros2_aruco_interfaces/local/lib/python3.10/dist-packages/ros2_aruco_interfaces/libros2_aruco_interfaces__rosidl_generator_py.so
[2.932s] -- Up-to-date symlink: /home/s4726042/turtlebot3_ws/src/METR4202/install/ros2_aruco_interfaces/local/lib/python3.10/dist-packages/ros2_aruco_interfaces/msg/__init__.py
[2.932s] -- Up-to-date symlink: /home/s4726042/turtlebot3_ws/src/METR4202/install/ros2_aruco_interfaces/local/lib/python3.10/dist-packages/ros2_aruco_interfaces/msg/_aruco_markers.py
[2.932s] -- Up-to-date symlink: /home/s4726042/turtlebot3_ws/src/METR4202/install/ros2_aruco_interfaces/local/lib/python3.10/dist-packages/ros2_aruco_interfaces/msg/_aruco_markers_s.c
[2.932s] -- Up-to-date symlink: /home/s4726042/turtlebot3_ws/src/METR4202/install/ros2_aruco_interfaces/local/lib/python3.10/dist-packages/ros2_aruco_interfaces/ros2_aruco_interfaces_s__rosidl_typesupport_c.cpython-310-x86_64-linux-gnu.so
[2.932s] -- Up-to-date symlink: /home/s4726042/turtlebot3_ws/src/METR4202/install/ros2_aruco_interfaces/local/lib/python3.10/dist-packages/ros2_aruco_interfaces/ros2_aruco_interfaces_s__rosidl_typesupport_fastrtps_c.cpython-310-x86_64-linux-gnu.so
[2.932s] -- Up-to-date symlink: /home/s4726042/turtlebot3_ws/src/METR4202/install/ros2_aruco_interfaces/local/lib/python3.10/dist-packages/ros2_aruco_interfaces/ros2_aruco_interfaces_s__rosidl_typesupport_introspection_c.cpython-310-x86_64-linux-gnu.so
[2.932s] -- Up-to-date symlink: /home/s4726042/turtlebot3_ws/src/METR4202/install/ros2_aruco_interfaces/local/lib/python3.10/dist-packages/ros2_aruco_interfaces/ros2_aruco_interfaces_s__rosidl_typesupport_fastrtps_c.cpython-310-x86_64-linux-gnu.so
[2.932s] -- Up-to-date symlink: /home/s4726042/turtlebot3_ws/src/METR4202/install/ros2_aruco_interfaces/local/lib/python3.10/dist-packages/ros2_aruco_interfaces/ros2_aruco_interfaces_s__rosidl_typesupport_introspection_c.cpython-310-x86_64-linux-gnu.so
[2.933s] -- Up-to-date symlink: /home/s4726042/turtlebot3_ws/src/METR4202/install/ros2_aruco_interfaces/local/lib/python3.10/dist-packages/ros2_aruco_interfaces/ros2_aruco_interfaces_s__rosidl_typesupport_c.cpython-310-x86_64-linux-gnu.so
[2.933s] -- Up-to-date symlink: /home/s4726042/turtlebot3_ws/src/METR4202/install/ros2_aruco_interfaces/share/ros2_aruco_interfaces/msg/ArucoMarkers.idl
[2.933s] -- Up-to-date symlink: /home/s4726042/turtlebot3_ws/src/METR4202/install/ros2_aruco_interfaces/share/ros2_aruco_interfaces/msg/ArucoMarkers.msg
[2.933s] -- Up-to-date symlink: /home/s4726042/turtlebot3_ws/src/METR4202/install/ros2_aruco_interfaces/share/ament_index/resource_index/package_run_dependencies/ros2_aruco_interfaces
[2.933s] -- Up-to-date symlink: /home/s4726042/turtlebot3_ws/src/METR4202/install/ros2_aruco_interfaces/share/ament_index/resource_index/parent_prefix_path/ros2_aruco_interfaces
[2.934s] -- Up-to-date symlink: /home/s4726042/turtlebot3_ws/src/METR4202/install/ros2_aruco_interfaces/share/ros2_aruco_interfaces/environment/ament_prefix_path.sh
[2.934s] -- Up-to-date symlink: /home/s4726042/turtlebot3_ws/src/METR4202/install/ros2_aruco_interfaces/share/ros2_aruco_interfaces/environment/ament_prefix_path.dsv
[2.934s] -- Up-to-date symlink: /home/s4726042/turtlebot3_ws/src/METR4202/install/ros2_aruco_interfaces/share/ros2_aruco_interfaces/environment/path.sh
[2.934s] -- Up-to-date symlink: /home/s4726042/turtlebot3_ws/src/METR4202/install/ros2_aruco_interfaces/share/ros2_aruco_interfaces/environment/path.dsv
[2.934s] -- Up-to-date symlink: /home/s4726042/turtlebot3_ws/src/METR4202/install/ros2_aruco_interfaces/share/ros2_aruco_interfaces/local_setup.bash
[2.935s] -- Up-to-date symlink: /home/s4726042/turtlebot3_ws/src/METR4202/install/ros2_aruco_interfaces/share/ros2_aruco_interfaces/local_setup.sh
[2.935s] -- Up-to-date symlink: /home/s4726042/turtlebot3_ws/src/METR4202/install/ros2_aruco_interfaces/share/ros2_aruco_interfaces/local_setup.zsh
[2.935s] -- Up-to-date symlink: /home/s4726042/turtlebot3_ws/src/METR4202/install/ros2_aruco_interfaces/share/ros2_aruco_interfaces/local_setup.dsv
[2.935s] -- Symlinking: /home/s4726042/turtlebot3_ws/src/METR4202/install/ros2_aruco_interfaces/share/ros2_aruco_interfaces/package.dsv
[2.955s] -- Up-to-date symlink: /home/s4726042/turtlebot3_ws/src/METR4202/install/ros2_aruco_interfaces/share/ament_index/resource_index/packages/ros2_aruco_interfaces
[2.956s] -- Up-to-date symlink: /home/s4726042/turtlebot3_ws/src/METR4202/install/ros2_aruco_interfaces/share/ros2_aruco_interfaces/cmake/rosidl_cmake-extras.cmake
[2.957s] -- Up-to-date symlink: /home/s4726042/turtlebot3_ws/src/METR4202/install/ros2_aruco_interfaces/share/ros2_aruco_interfaces/cmake/ament_cmake_export_dependencies-extras.cmake
[2.957s] -- Up-to-date symlink: /home/s4726042/turtlebot3_ws/src/METR4202/install/ros2_aruco_interfaces/share/ros2_aruco_interfaces/cmake/ament_cmake_export_include_directories-extras.cmake
[2.959s] -- Up-to-date symlink: /home/s4726042/turtlebot3_ws/src/METR4202/install/ros2_aruco_interfaces/share/ros2_aruco_interfaces/cmake/ament_cmake_export_libraries-extras.cmake
[2.959s] -- Up-to-date symlink: /home/s4726042/turtlebot3_ws/src/METR4202/install/ros2_aruco_interfaces/share/ros2_aruco_interfaces/cmake/ament_cmake_export_targets-extras.cmake
[2.962s] -- Up-to-date symlink: /home/s4726042/turtlebot3_ws/src/METR4202/install/ros2_aruco_interfaces/share/ros2_aruco_interfaces/cmake/rosidl_cmake_export_typesupport_targets-extras.cmake
[2.962s] -- Up-to-date symlink: /home/s4726042/turtlebot3_ws/src/METR4202/install/ros2_aruco_interfaces/share/ros2_aruco_interfaces/cmake/rosidl_cmake_export_typesupport_libraries-extras.cmake
[2.964s] -- Up-to-date symlink: /home/s4726042/turtlebot3_ws/src/METR4202/install/ros2_aruco_interfaces/share/ros2_aruco_interfaces/cmake/ros2_aruco_interfacesConfig.cmake
[2.965s] -- Up-to-date symlink: /home/s4726042/turtlebot3_ws/src/METR4202/install/ros2_aruco_interfaces/share/ros2_aruco_interfaces/cmake/ros2_aruco_interfacesConfig-version.cmake
[2.966s] -- Up-to-date symlink: /home/s4726042/turtlebot3_ws/src/METR4202/install/ros2_aruco_interfaces/share/ros2_aruco_interfaces/package.xml
[2.966s] -- Up-to-date: /home/s4726042/turtlebot3_ws/src/METR4202/install/ros2_aruco_interfaces/lib/libros2_aruco_interfaces__rosidl_generator_c.so
[2.967s] -- Up-to-date: /home/s4726042/turtlebot3_ws/src/METR4202/install/ros2_aruco_interfaces/lib/libros2_aruco_interfaces__rosidl_typesupport_fastrtps_c.so
[2.967s] -- Up-to-date: /home/s4726042/turtlebot3_ws/src/METR4202/install/ros2_aruco_interfaces/lib/libros2_aruco_interfaces__rosidl_typesupport_fastrtps_cpp.so
[2.967s] -- Up-to-date: /home/s4726042/turtlebot3_ws/src/METR4202/install/ros2_aruco_interfaces/lib/libros2_aruco_interfaces__rosidl_typesupport_introspection_c.so
[2.968s] -- Up-to-date: /home/s4726042/turtlebot3_ws/src/METR4202/install/ros2_aruco_interfaces/lib/libros2_aruco_interfaces__rosidl_typesupport_c.so
[2.968s] -- Up-to-date: /home/s4726042/turtlebot3_ws/src/METR4202/install/ros2_aruco_interfaces/lib/libros2_aruco_interfaces__rosidl_typesupport_introspection_cpp.so
[2.968s] -- Up-to-date: /home/s4726042/turtlebot3_ws/src/METR4202/install/ros2_aruco_interfaces/lib/libros2_aruco_interfaces__rosidl_typesupport_cpp.so
[3.061s] Listing '/home/s4726042/turtlebot3_ws/src/METR4202/install/ros2_aruco_interfaces/local/lib/python3.10/dist-packages/ros2_aruco_interfaces'...
[3.062s] Listing '/home/s4726042/turtlebot3_ws/src/METR4202/install/ros2_aruco_interfaces/local/lib/python3.10/dist-packages/ros2_aruco_interfaces/msg'...
[3.071s] -- Up-to-date: /home/s4726042/turtlebot3_ws/src/METR4202/install/ros2_aruco_interfaces/lib/libros2_aruco_interfaces__rosidl_generator_py.so
[3.072s] -- Up-to-date: /home/s4726042/turtlebot3_ws/src/METR4202/install/ros2_aruco_interfaces/share/ros2_aruco_interfaces/cmake/export_ros2_aruco_interfaces__rosidl_generator_cExport.cmake
[3.073s] -- Up-to-date: /home/s4726042/turtlebot3_ws/src/METR4202/install/ros2_aruco_interfaces/share/ros2_aruco_interfaces/cmake/export_ros2_aruco_interfaces__rosidl_generator_cExport-noconfig.cmake
[3.075s] -- Up-to-date: /home/s4726042/turtlebot3_ws/src/METR4202/install/ros2_aruco_interfaces/share/ros2_aruco_interfaces/cmake/export_ros2_aruco_interfaces__rosidl_typesupport_fastrtps_cExport.cmake
[3.077s] -- Up-to-date: /home/s4726042/turtlebot3_ws/src/METR4202/install/ros2_aruco_interfaces/share/ros2_aruco_interfaces/cmake/export_ros2_aruco_interfaces__rosidl_typesupport_fastrtps_cExport-noconfig.cmake
[3.077s] -- Up-to-date: /home/s4726042/turtlebot3_ws/src/METR4202/install/ros2_aruco_interfaces/share/ros2_aruco_interfaces/cmake/export_ros2_aruco_interfaces__rosidl_generator_cppExport.cmake
[3.078s] -- Up-to-date: /home/s4726042/turtlebot3_ws/src/METR4202/install/ros2_aruco_interfaces/share/ros2_aruco_interfaces/cmake/export_ros2_aruco_interfaces__rosidl_typesupport_fastrtps_cppExport.cmake
[3.078s] -- Up-to-date: /home/s4726042/turtlebot3_ws/src/METR4202/install/ros2_aruco_interfaces/share/ros2_aruco_interfaces/cmake/export_ros2_aruco_interfaces__rosidl_typesupport_fastrtps_cppExport-noconfig.cmake
[3.078s] -- Up-to-date: /home/s4726042/turtlebot3_ws/src/METR4202/install/ros2_aruco_interfaces/share/ros2_aruco_interfaces/cmake/ros2_aruco_interfaces__rosidl_typesupport_introspection_cExport.cmake
[3.079s] -- Up-to-date: /home/s4726042/turtlebot3_ws/src/METR4202/install/ros2_aruco_interfaces/share/ros2_aruco_interfaces/cmake/ros2_aruco_interfaces__rosidl_typesupport_introspection_cExport-noconfig.cmake
[3.079s] -- Up-to-date: /home/s4726042/turtlebot3_ws/src/METR4202/install/ros2_aruco_interfaces/share/ros2_aruco_interfaces/cmake/ros2_aruco_interfaces__rosidl_typesupport_cExport.cmake
[3.079s] -- Up-to-date: /home/s4726042/turtlebot3_ws/src/METR4202/install/ros2_aruco_interfaces/share/ros2_aruco_interfaces/cmake/ros2_aruco_interfaces__rosidl_typesupport_cExport-noconfig.cmake
[3.079s] -- Up-to-date: /home/s4726042/turtlebot3_ws/src/METR4202/install/ros2_aruco_interfaces/share/ros2_aruco_interfaces/cmake/ros2_aruco_interfaces__rosidl_typesupport_introspection_cppExport.cmake
[3.079s] -- Up-to-date: /home/s4726042/turtlebot3_ws/src/METR4202/install/ros2_aruco_interfaces/share/ros2_aruco_interfaces/cmake/ros2_aruco_interfaces__rosidl_typesupport_introspection_cppExport-noconfig.cmake
[3.079s] -- Up-to-date: /home/s4726042/turtlebot3_ws/src/METR4202/install/ros2_aruco_interfaces/share/ros2_aruco_interfaces/cmake/ros2_aruco_interfaces__rosidl_typesupport_cppExport.cmake
[3.079s] -- Up-to-date: /home/s4726042/turtlebot3_ws/src/METR4202/install/ros2_aruco_interfaces/share/ros2_aruco_interfaces/cmake/ros2_aruco_interfaces__rosidl_typesupport_cppExport-noconfig.cmake
[3.079s] -- Up-to-date: /home/s4726042/turtlebot3_ws/src/METR4202/install/ros2_aruco_interfaces/share/ros2_aruco_interfaces/cmake/export_ros2_aruco_interfaces__rosidl_generator_pyExport.cmake
[3.079s] -- Up-to-date: /home/s4726042/turtlebot3_ws/src/METR4202/install/ros2_aruco_interfaces/share/ros2_aruco_interfaces/cmake/export_ros2_aruco_interfaces__rosidl_generator_pyExport-noconfig.cmake
[3.087s] Invoked command in '/home/s4726042/turtlebot3_ws/src/METR4202/build/ros2_aruco_interfaces' returned '0': CMAKE_PREFIX_PATH=${CMAKE_PREFIX_PATH}:/home/s4726042/ros2_ws/install/m4202_py_pkg:/home/s4726042/turtlebot3_ws/install/waypoint_commander:/home/s4726042/turtlebot3_ws/install/turtlebot3_gazebo:/home/s4726042/turtlebot3_ws/install/ros2_aruco:/home/s4726042/turtlebot3_ws/install/fronTEAR_commander:/opt/ros/humble /usr/bin/cmake --install /home/s4726042/turtlebot3_ws/src/METR4202/build/ros2_aruco_interfaces
