[0.453s] Invoking command in '/home/s4726042/turtlebot3_ws/src/METR4202/build/ros2_aruco_interfaces': CMAKE_PREFIX_PATH=${CMAKE_PREFIX_PATH}:/home/s4726042/ros2_ws/install/m4202_py_pkg:/home/s4726042/turtlebot3_ws/install/waypoint_commander:/home/s4726042/turtlebot3_ws/install/turtlebot3_gazebo:/home/s4726042/turtlebot3_ws/install/ros2_aruco:/home/s4726042/turtlebot3_ws/install/fronTEAR_commander:/opt/ros/humble /usr/bin/cmake --build /home/s4726042/turtlebot3_ws/src/METR4202/build/ros2_aruco_interfaces -- -j12 -l12
[0.596s] [35m[1mConsolidate compiler generated dependencies of target ros2_aruco_interfaces__rosidl_generator_c[0m
[0.602s] [  3%] Built target ros2_aruco_interfaces__cpp
[0.607s] [  3%] Built target ament_cmake_python_symlink_ros2_aruco_interfaces
[0.613s] [35m[1mConsolidate compiler generated dependencies of target ros2_aruco_interfaces__rosidl_typesupport_cpp[0m
[0.615s] [35m[1mConsolidate compiler generated dependencies of target ros2_aruco_interfaces__rosidl_typesupport_fastrtps_cpp[0m
[0.616s] [35m[1mConsolidate compiler generated dependencies of target ros2_aruco_interfaces__rosidl_typesupport_introspection_cpp[0m
[0.625s] [ 12%] Built target ros2_aruco_interfaces__rosidl_generator_c
[0.635s] [ 22%] Built target ros2_aruco_interfaces__rosidl_typesupport_cpp
[0.638s] [ 32%] Built target ros2_aruco_interfaces__rosidl_typesupport_introspection_cpp
[0.638s] [ 41%] Built target ros2_aruco_interfaces__rosidl_typesupport_fastrtps_cpp
[0.639s] [35m[1mConsolidate compiler generated dependencies of target ros2_aruco_interfaces__rosidl_typesupport_c[0m
[0.640s] [35m[1mConsolidate compiler generated dependencies of target ros2_aruco_interfaces__rosidl_typesupport_introspection_c[0m
[0.641s] [35m[1mConsolidate compiler generated dependencies of target ros2_aruco_interfaces__rosidl_typesupport_fastrtps_c[0m
[0.649s] [ 51%] Built target ros2_aruco_interfaces__rosidl_typesupport_c
[0.654s] [ 70%] Built target ros2_aruco_interfaces__rosidl_typesupport_fastrtps_c
[0.655s] [ 70%] Built target ros2_aruco_interfaces__rosidl_typesupport_introspection_c
[0.676s] [ 70%] Built target ros2_aruco_interfaces
[0.697s] [ 74%] Built target ros2_aruco_interfaces__py
[0.708s] [35m[1mConsolidate compiler generated dependencies of target ros2_aruco_interfaces__rosidl_generator_py[0m
[0.723s] [ 80%] Built target ros2_aruco_interfaces__rosidl_generator_py
[0.734s] [35m[1mConsolidate compiler generated dependencies of target ros2_aruco_interfaces__rosidl_typesupport_c__pyext[0m
[0.736s] [35m[1mConsolidate compiler generated dependencies of target ros2_aruco_interfaces__rosidl_typesupport_introspection_c__pyext[0m
[0.737s] [35m[1mConsolidate compiler generated dependencies of target ros2_aruco_interfaces__rosidl_typesupport_fastrtps_c__pyext[0m
[0.745s] [ 87%] Built target ros2_aruco_interfaces__rosidl_typesupport_c__pyext
[0.749s] [ 93%] Built target ros2_aruco_interfaces__rosidl_typesupport_introspection_c__pyext
[0.749s] [100%] Built target ros2_aruco_interfaces__rosidl_typesupport_fastrtps_c__pyext
[0.812s] running egg_info
[0.816s] writing manifest file 'ros2_aruco_interfaces.egg-info/SOURCES.txt'
[0.837s] [100%] Built target ament_cmake_python_build_ros2_aruco_interfaces_egg
[0.845s] Invoked command in '/home/s4726042/turtlebot3_ws/src/METR4202/build/ros2_aruco_interfaces' returned '0': CMAKE_PREFIX_PATH=${CMAKE_PREFIX_PATH}:/home/s4726042/ros2_ws/install/m4202_py_pkg:/home/s4726042/turtlebot3_ws/install/waypoint_commander:/home/s4726042/turtlebot3_ws/install/turtlebot3_gazebo:/home/s4726042/turtlebot3_ws/install/ros2_aruco:/home/s4726042/turtlebot3_ws/install/fronTEAR_commander:/opt/ros/humble /usr/bin/cmake --build /home/s4726042/turtlebot3_ws/src/METR4202/build/ros2_aruco_interfaces -- -j12 -l12
[0.890s] Invoking command in '/home/s4726042/turtlebot3_ws/src/METR4202/build/ros2_aruco_interfaces': CMAKE_PREFIX_PATH=${CMAKE_PREFIX_PATH}:/home/s4726042/ros2_ws/install/m4202_py_pkg:/home/s4726042/turtlebot3_ws/install/waypoint_commander:/home/s4726042/turtlebot3_ws/install/turtlebot3_gazebo:/home/s4726042/turtlebot3_ws/install/ros2_aruco:/home/s4726042/turtlebot3_ws/install/fronTEAR_commander:/opt/ros/humble /usr/bin/cmake --install /home/s4726042/turtlebot3_ws/src/METR4202/build/ros2_aruco_interfaces
[0.896s] -- Install configuration: ""
[0.897s] -- Execute custom install script
[0.897s] -- Up-to-date symlink: /home/s4726042/turtlebot3_ws/src/METR4202/install/ros2_aruco_interfaces/share/ament_index/resource_index/rosidl_interfaces/ros2_aruco_interfaces
[0.898s] -- Up-to-date symlink: /home/s4726042/turtlebot3_ws/src/METR4202/install/ros2_aruco_interfaces/include/ros2_aruco_interfaces/ros2_aruco_interfaces/msg/aruco_markers.h
[0.898s] -- Up-to-date symlink: /home/s4726042/turtlebot3_ws/src/METR4202/install/ros2_aruco_interfaces/include/ros2_aruco_interfaces/ros2_aruco_interfaces/msg/detail/aruco_markers__functions.h
[0.899s] -- Up-to-date symlink: /home/s4726042/turtlebot3_ws/src/METR4202/install/ros2_aruco_interfaces/include/ros2_aruco_interfaces/ros2_aruco_interfaces/msg/detail/aruco_markers__struct.h
[0.899s] -- Up-to-date symlink: /home/s4726042/turtlebot3_ws/src/METR4202/install/ros2_aruco_interfaces/include/ros2_aruco_interfaces/ros2_aruco_interfaces/msg/detail/aruco_markers__type_support.h
[0.900s] -- Up-to-date symlink: /home/s4726042/turtlebot3_ws/src/METR4202/install/ros2_aruco_interfaces/include/ros2_aruco_interfaces/ros2_aruco_interfaces/msg/rosidl_generator_c__visibility_control.h
[0.900s] -- Up-to-date symlink: /home/s4726042/turtlebot3_ws/src/METR4202/install/ros2_aruco_interfaces/share/ros2_aruco_interfaces/environment/library_path.sh
[0.901s] -- Up-to-date symlink: /home/s4726042/turtlebot3_ws/src/METR4202/install/ros2_aruco_interfaces/share/ros2_aruco_interfaces/environment/library_path.dsv
[0.901s] -- Up-to-date symlink: /home/s4726042/turtlebot3_ws/src/METR4202/install/ros2_aruco_interfaces/include/ros2_aruco_interfaces/ros2_aruco_interfaces/msg/detail/aruco_markers__rosidl_typesupport_fastrtps_c.h
[0.902s] -- Up-to-date symlink: /home/s4726042/turtlebot3_ws/src/METR4202/install/ros2_aruco_interfaces/include/ros2_aruco_interfaces/ros2_aruco_interfaces/msg/rosidl_typesupport_fastrtps_c__visibility_control.h
[0.902s] -- Up-to-date symlink: /home/s4726042/turtlebot3_ws/src/METR4202/install/ros2_aruco_interfaces/include/ros2_aruco_interfaces/ros2_aruco_interfaces/msg/aruco_markers.hpp
[0.902s] -- Up-to-date symlink: /home/s4726042/turtlebot3_ws/src/METR4202/install/ros2_aruco_interfaces/include/ros2_aruco_interfaces/ros2_aruco_interfaces/msg/detail/aruco_markers__builder.hpp
[0.903s] -- Up-to-date symlink: /home/s4726042/turtlebot3_ws/src/METR4202/install/ros2_aruco_interfaces/include/ros2_aruco_interfaces/ros2_aruco_interfaces/msg/detail/aruco_markers__struct.hpp
[0.904s] -- Up-to-date symlink: /home/s4726042/turtlebot3_ws/src/METR4202/install/ros2_aruco_interfaces/include/ros2_aruco_interfaces/ros2_aruco_interfaces/msg/detail/aruco_markers__traits.hpp
[0.904s] -- Up-to-date symlink: /home/s4726042/turtlebot3_ws/src/METR4202/install/ros2_aruco_interfaces/include/ros2_aruco_interfaces/ros2_aruco_interfaces/msg/detail/aruco_markers__rosidl_typesupport_fastrtps_cpp.hpp
[0.905s] -- Up-to-date symlink: /home/s4726042/turtlebot3_ws/src/METR4202/install/ros2_aruco_interfaces/include/ros2_aruco_interfaces/ros2_aruco_interfaces/msg/rosidl_typesupport_fastrtps_cpp__visibility_control.h
[0.905s] -- Up-to-date symlink: /home/s4726042/turtlebot3_ws/src/METR4202/install/ros2_aruco_interfaces/include/ros2_aruco_interfaces/ros2_aruco_interfaces/msg/detail/aruco_markers__rosidl_typesupport_introspection_c.h
[0.906s] -- Up-to-date symlink: /home/s4726042/turtlebot3_ws/src/METR4202/install/ros2_aruco_interfaces/include/ros2_aruco_interfaces/ros2_aruco_interfaces/msg/rosidl_typesupport_introspection_c__visibility_control.h
[0.906s] -- Up-to-date symlink: /home/s4726042/turtlebot3_ws/src/METR4202/install/ros2_aruco_interfaces/include/ros2_aruco_interfaces/ros2_aruco_interfaces/msg/detail/aruco_markers__rosidl_typesupport_introspection_cpp.hpp
[0.907s] -- Up-to-date symlink: /home/s4726042/turtlebot3_ws/src/METR4202/install/ros2_aruco_interfaces/share/ros2_aruco_interfaces/environment/pythonpath.sh
[0.907s] -- Up-to-date symlink: /home/s4726042/turtlebot3_ws/src/METR4202/install/ros2_aruco_interfaces/share/ros2_aruco_interfaces/environment/pythonpath.dsv
[0.908s] -- Up-to-date symlink: /home/s4726042/turtlebot3_ws/src/METR4202/install/ros2_aruco_interfaces/local/lib/python3.10/dist-packages/ros2_aruco_interfaces-0.1.0-py3.10.egg-info/PKG-INFO
[0.909s] -- Up-to-date symlink: /home/s4726042/turtlebot3_ws/src/METR4202/install/ros2_aruco_interfaces/local/lib/python3.10/dist-packages/ros2_aruco_interfaces-0.1.0-py3.10.egg-info/SOURCES.txt
[0.909s] -- Up-to-date symlink: /home/s4726042/turtlebot3_ws/src/METR4202/install/ros2_aruco_interfaces/local/lib/python3.10/dist-packages/ros2_aruco_interfaces-0.1.0-py3.10.egg-info/dependency_links.txt
[0.909s] -- Up-to-date symlink: /home/s4726042/turtlebot3_ws/src/METR4202/install/ros2_aruco_interfaces/local/lib/python3.10/dist-packages/ros2_aruco_interfaces-0.1.0-py3.10.egg-info/top_level.txt
[0.910s] -- Up-to-date symlink: /home/s4726042/turtlebot3_ws/src/METR4202/install/ros2_aruco_interfaces/local/lib/python3.10/dist-packages/ros2_aruco_interfaces/__init__.py
[0.911s] -- Up-to-date symlink: /home/s4726042/turtlebot3_ws/src/METR4202/install/ros2_aruco_interfaces/local/lib/python3.10/dist-packages/ros2_aruco_interfaces/_ros2_aruco_interfaces_s.ep.rosidl_typesupport_c.c
[0.911s] -- Up-to-date symlink: /home/s4726042/turtlebot3_ws/src/METR4202/install/ros2_aruco_interfaces/local/lib/python3.10/dist-packages/ros2_aruco_interfaces/_ros2_aruco_interfaces_s.ep.rosidl_typesupport_fastrtps_c.c
[0.911s] -- Up-to-date symlink: /home/s4726042/turtlebot3_ws/src/METR4202/install/ros2_aruco_interfaces/local/lib/python3.10/dist-packages/ros2_aruco_interfaces/_ros2_aruco_interfaces_s.ep.rosidl_typesupport_introspection_c.c
[0.911s] -- Up-to-date symlink: /home/s4726042/turtlebot3_ws/src/METR4202/install/ros2_aruco_interfaces/local/lib/python3.10/dist-packages/ros2_aruco_interfaces/libros2_aruco_interfaces__rosidl_generator_py.so
[0.912s] -- Up-to-date symlink: /home/s4726042/turtlebot3_ws/src/METR4202/install/ros2_aruco_interfaces/local/lib/python3.10/dist-packages/ros2_aruco_interfaces/msg/__init__.py
[0.912s] -- Up-to-date symlink: /home/s4726042/turtlebot3_ws/src/METR4202/install/ros2_aruco_interfaces/local/lib/python3.10/dist-packages/ros2_aruco_interfaces/msg/_aruco_markers.py
[0.913s] -- Up-to-date symlink: /home/s4726042/turtlebot3_ws/src/METR4202/install/ros2_aruco_interfaces/local/lib/python3.10/dist-packages/ros2_aruco_interfaces/msg/_aruco_markers_s.c
[0.913s] -- Up-to-date symlink: /home/s4726042/turtlebot3_ws/src/METR4202/install/ros2_aruco_interfaces/local/lib/python3.10/dist-packages/ros2_aruco_interfaces/ros2_aruco_interfaces_s__rosidl_typesupport_c.cpython-310-x86_64-linux-gnu.so
[0.913s] -- Up-to-date symlink: /home/s4726042/turtlebot3_ws/src/METR4202/install/ros2_aruco_interfaces/local/lib/python3.10/dist-packages/ros2_aruco_interfaces/ros2_aruco_interfaces_s__rosidl_typesupport_fastrtps_c.cpython-310-x86_64-linux-gnu.so
[0.914s] -- Up-to-date symlink: /home/s4726042/turtlebot3_ws/src/METR4202/install/ros2_aruco_interfaces/local/lib/python3.10/dist-packages/ros2_aruco_interfaces/ros2_aruco_interfaces_s__rosidl_typesupport_introspection_c.cpython-310-x86_64-linux-gnu.so
[0.915s] -- Up-to-date symlink: /home/s4726042/turtlebot3_ws/src/METR4202/install/ros2_aruco_interfaces/local/lib/python3.10/dist-packages/ros2_aruco_interfaces/ros2_aruco_interfaces_s__rosidl_typesupport_fastrtps_c.cpython-310-x86_64-linux-gnu.so
[0.915s] -- Up-to-date symlink: /home/s4726042/turtlebot3_ws/src/METR4202/install/ros2_aruco_interfaces/local/lib/python3.10/dist-packages/ros2_aruco_interfaces/ros2_aruco_interfaces_s__rosidl_typesupport_introspection_c.cpython-310-x86_64-linux-gnu.so
[0.916s] -- Up-to-date symlink: /home/s4726042/turtlebot3_ws/src/METR4202/install/ros2_aruco_interfaces/local/lib/python3.10/dist-packages/ros2_aruco_interfaces/ros2_aruco_interfaces_s__rosidl_typesupport_c.cpython-310-x86_64-linux-gnu.so
[0.916s] -- Up-to-date symlink: /home/s4726042/turtlebot3_ws/src/METR4202/install/ros2_aruco_interfaces/share/ros2_aruco_interfaces/msg/ArucoMarkers.idl
[0.917s] -- Up-to-date symlink: /home/s4726042/turtlebot3_ws/src/METR4202/install/ros2_aruco_interfaces/share/ros2_aruco_interfaces/msg/ArucoMarkers.msg
[0.917s] -- Up-to-date symlink: /home/s4726042/turtlebot3_ws/src/METR4202/install/ros2_aruco_interfaces/share/ament_index/resource_index/package_run_dependencies/ros2_aruco_interfaces
[0.918s] -- Up-to-date symlink: /home/s4726042/turtlebot3_ws/src/METR4202/install/ros2_aruco_interfaces/share/ament_index/resource_index/parent_prefix_path/ros2_aruco_interfaces
[0.918s] -- Up-to-date symlink: /home/s4726042/turtlebot3_ws/src/METR4202/install/ros2_aruco_interfaces/share/ros2_aruco_interfaces/environment/ament_prefix_path.sh
[0.919s] -- Up-to-date symlink: /home/s4726042/turtlebot3_ws/src/METR4202/install/ros2_aruco_interfaces/share/ros2_aruco_interfaces/environment/ament_prefix_path.dsv
[0.919s] -- Up-to-date symlink: /home/s4726042/turtlebot3_ws/src/METR4202/install/ros2_aruco_interfaces/share/ros2_aruco_interfaces/environment/path.sh
[0.920s] -- Up-to-date symlink: /home/s4726042/turtlebot3_ws/src/METR4202/install/ros2_aruco_interfaces/share/ros2_aruco_interfaces/environment/path.dsv
[0.920s] -- Up-to-date symlink: /home/s4726042/turtlebot3_ws/src/METR4202/install/ros2_aruco_interfaces/share/ros2_aruco_interfaces/local_setup.bash
[0.921s] -- Up-to-date symlink: /home/s4726042/turtlebot3_ws/src/METR4202/install/ros2_aruco_interfaces/share/ros2_aruco_interfaces/local_setup.sh
[0.921s] -- Up-to-date symlink: /home/s4726042/turtlebot3_ws/src/METR4202/install/ros2_aruco_interfaces/share/ros2_aruco_interfaces/local_setup.zsh
[0.921s] -- Up-to-date symlink: /home/s4726042/turtlebot3_ws/src/METR4202/install/ros2_aruco_interfaces/share/ros2_aruco_interfaces/local_setup.dsv
[0.922s] -- Symlinking: /home/s4726042/turtlebot3_ws/src/METR4202/install/ros2_aruco_interfaces/share/ros2_aruco_interfaces/package.dsv
[0.927s] -- Up-to-date symlink: /home/s4726042/turtlebot3_ws/src/METR4202/install/ros2_aruco_interfaces/share/ament_index/resource_index/packages/ros2_aruco_interfaces
[0.928s] -- Up-to-date symlink: /home/s4726042/turtlebot3_ws/src/METR4202/install/ros2_aruco_interfaces/share/ros2_aruco_interfaces/cmake/rosidl_cmake-extras.cmake
[0.928s] -- Up-to-date symlink: /home/s4726042/turtlebot3_ws/src/METR4202/install/ros2_aruco_interfaces/share/ros2_aruco_interfaces/cmake/ament_cmake_export_dependencies-extras.cmake
[0.929s] -- Up-to-date symlink: /home/s4726042/turtlebot3_ws/src/METR4202/install/ros2_aruco_interfaces/share/ros2_aruco_interfaces/cmake/ament_cmake_export_include_directories-extras.cmake
[0.929s] -- Up-to-date symlink: /home/s4726042/turtlebot3_ws/src/METR4202/install/ros2_aruco_interfaces/share/ros2_aruco_interfaces/cmake/ament_cmake_export_libraries-extras.cmake
[0.930s] -- Up-to-date symlink: /home/s4726042/turtlebot3_ws/src/METR4202/install/ros2_aruco_interfaces/share/ros2_aruco_interfaces/cmake/ament_cmake_export_targets-extras.cmake
[0.930s] -- Up-to-date symlink: /home/s4726042/turtlebot3_ws/src/METR4202/install/ros2_aruco_interfaces/share/ros2_aruco_interfaces/cmake/rosidl_cmake_export_typesupport_targets-extras.cmake
[0.931s] -- Up-to-date symlink: /home/s4726042/turtlebot3_ws/src/METR4202/install/ros2_aruco_interfaces/share/ros2_aruco_interfaces/cmake/rosidl_cmake_export_typesupport_libraries-extras.cmake
[0.931s] -- Up-to-date symlink: /home/s4726042/turtlebot3_ws/src/METR4202/install/ros2_aruco_interfaces/share/ros2_aruco_interfaces/cmake/ros2_aruco_interfacesConfig.cmake
[0.931s] -- Up-to-date symlink: /home/s4726042/turtlebot3_ws/src/METR4202/install/ros2_aruco_interfaces/share/ros2_aruco_interfaces/cmake/ros2_aruco_interfacesConfig-version.cmake
[0.933s] -- Up-to-date symlink: /home/s4726042/turtlebot3_ws/src/METR4202/install/ros2_aruco_interfaces/share/ros2_aruco_interfaces/package.xml
[0.934s] -- Up-to-date: /home/s4726042/turtlebot3_ws/src/METR4202/install/ros2_aruco_interfaces/lib/libros2_aruco_interfaces__rosidl_generator_c.so
[0.935s] -- Up-to-date: /home/s4726042/turtlebot3_ws/src/METR4202/install/ros2_aruco_interfaces/lib/libros2_aruco_interfaces__rosidl_typesupport_fastrtps_c.so
[0.936s] -- Up-to-date: /home/s4726042/turtlebot3_ws/src/METR4202/install/ros2_aruco_interfaces/lib/libros2_aruco_interfaces__rosidl_typesupport_fastrtps_cpp.so
[0.937s] -- Up-to-date: /home/s4726042/turtlebot3_ws/src/METR4202/install/ros2_aruco_interfaces/lib/libros2_aruco_interfaces__rosidl_typesupport_introspection_c.so
[0.937s] -- Up-to-date: /home/s4726042/turtlebot3_ws/src/METR4202/install/ros2_aruco_interfaces/lib/libros2_aruco_interfaces__rosidl_typesupport_c.so
[0.939s] -- Up-to-date: /home/s4726042/turtlebot3_ws/src/METR4202/install/ros2_aruco_interfaces/lib/libros2_aruco_interfaces__rosidl_typesupport_introspection_cpp.so
[0.939s] -- Up-to-date: /home/s4726042/turtlebot3_ws/src/METR4202/install/ros2_aruco_interfaces/lib/libros2_aruco_interfaces__rosidl_typesupport_cpp.so
[0.969s] Listing '/home/s4726042/turtlebot3_ws/src/METR4202/install/ros2_aruco_interfaces/local/lib/python3.10/dist-packages/ros2_aruco_interfaces'...
[0.970s] Listing '/home/s4726042/turtlebot3_ws/src/METR4202/install/ros2_aruco_interfaces/local/lib/python3.10/dist-packages/ros2_aruco_interfaces/msg'...
[0.974s] -- Up-to-date: /home/s4726042/turtlebot3_ws/src/METR4202/install/ros2_aruco_interfaces/lib/libros2_aruco_interfaces__rosidl_generator_py.so
[0.975s] -- Up-to-date: /home/s4726042/turtlebot3_ws/src/METR4202/install/ros2_aruco_interfaces/share/ros2_aruco_interfaces/cmake/export_ros2_aruco_interfaces__rosidl_generator_cExport.cmake
[0.976s] -- Up-to-date: /home/s4726042/turtlebot3_ws/src/METR4202/install/ros2_aruco_interfaces/share/ros2_aruco_interfaces/cmake/export_ros2_aruco_interfaces__rosidl_generator_cExport-noconfig.cmake
[0.976s] -- Up-to-date: /home/s4726042/turtlebot3_ws/src/METR4202/install/ros2_aruco_interfaces/share/ros2_aruco_interfaces/cmake/export_ros2_aruco_interfaces__rosidl_typesupport_fastrtps_cExport.cmake
[0.976s] -- Up-to-date: /home/s4726042/turtlebot3_ws/src/METR4202/install/ros2_aruco_interfaces/share/ros2_aruco_interfaces/cmake/export_ros2_aruco_interfaces__rosidl_typesupport_fastrtps_cExport-noconfig.cmake
[0.977s] -- Up-to-date: /home/s4726042/turtlebot3_ws/src/METR4202/install/ros2_aruco_interfaces/share/ros2_aruco_interfaces/cmake/export_ros2_aruco_interfaces__rosidl_generator_cppExport.cmake
[0.978s] -- Up-to-date: /home/s4726042/turtlebot3_ws/src/METR4202/install/ros2_aruco_interfaces/share/ros2_aruco_interfaces/cmake/export_ros2_aruco_interfaces__rosidl_typesupport_fastrtps_cppExport.cmake
[0.978s] -- Up-to-date: /home/s4726042/turtlebot3_ws/src/METR4202/install/ros2_aruco_interfaces/share/ros2_aruco_interfaces/cmake/export_ros2_aruco_interfaces__rosidl_typesupport_fastrtps_cppExport-noconfig.cmake
[0.979s] -- Up-to-date: /home/s4726042/turtlebot3_ws/src/METR4202/install/ros2_aruco_interfaces/share/ros2_aruco_interfaces/cmake/ros2_aruco_interfaces__rosidl_typesupport_introspection_cExport.cmake
[0.979s] -- Up-to-date: /home/s4726042/turtlebot3_ws/src/METR4202/install/ros2_aruco_interfaces/share/ros2_aruco_interfaces/cmake/ros2_aruco_interfaces__rosidl_typesupport_introspection_cExport-noconfig.cmake
[0.980s] -- Up-to-date: /home/s4726042/turtlebot3_ws/src/METR4202/install/ros2_aruco_interfaces/share/ros2_aruco_interfaces/cmake/ros2_aruco_interfaces__rosidl_typesupport_cExport.cmake
[0.980s] -- Up-to-date: /home/s4726042/turtlebot3_ws/src/METR4202/install/ros2_aruco_interfaces/share/ros2_aruco_interfaces/cmake/ros2_aruco_interfaces__rosidl_typesupport_cExport-noconfig.cmake
[0.980s] -- Up-to-date: /home/s4726042/turtlebot3_ws/src/METR4202/install/ros2_aruco_interfaces/share/ros2_aruco_interfaces/cmake/ros2_aruco_interfaces__rosidl_typesupport_introspection_cppExport.cmake
[0.980s] -- Up-to-date: /home/s4726042/turtlebot3_ws/src/METR4202/install/ros2_aruco_interfaces/share/ros2_aruco_interfaces/cmake/ros2_aruco_interfaces__rosidl_typesupport_introspection_cppExport-noconfig.cmake
[0.981s] -- Up-to-date: /home/s4726042/turtlebot3_ws/src/METR4202/install/ros2_aruco_interfaces/share/ros2_aruco_interfaces/cmake/ros2_aruco_interfaces__rosidl_typesupport_cppExport.cmake
[0.981s] -- Up-to-date: /home/s4726042/turtlebot3_ws/src/METR4202/install/ros2_aruco_interfaces/share/ros2_aruco_interfaces/cmake/ros2_aruco_interfaces__rosidl_typesupport_cppExport-noconfig.cmake
[0.983s] -- Up-to-date: /home/s4726042/turtlebot3_ws/src/METR4202/install/ros2_aruco_interfaces/share/ros2_aruco_interfaces/cmake/export_ros2_aruco_interfaces__rosidl_generator_pyExport.cmake
[0.983s] -- Up-to-date: /home/s4726042/turtlebot3_ws/src/METR4202/install/ros2_aruco_interfaces/share/ros2_aruco_interfaces/cmake/export_ros2_aruco_interfaces__rosidl_generator_pyExport-noconfig.cmake
[0.986s] Invoked command in '/home/s4726042/turtlebot3_ws/src/METR4202/build/ros2_aruco_interfaces' returned '0': CMAKE_PREFIX_PATH=${CMAKE_PREFIX_PATH}:/home/s4726042/ros2_ws/install/m4202_py_pkg:/home/s4726042/turtlebot3_ws/install/waypoint_commander:/home/s4726042/turtlebot3_ws/install/turtlebot3_gazebo:/home/s4726042/turtlebot3_ws/install/ros2_aruco:/home/s4726042/turtlebot3_ws/install/fronTEAR_commander:/opt/ros/humble /usr/bin/cmake --install /home/s4726042/turtlebot3_ws/src/METR4202/build/ros2_aruco_interfaces
