running develop
running egg_info
writing manifest file '../build/fronTEAR_commander/fronTEAR_commander.egg-info/SOURCES.txt'
running build
running build_py
creating /home/s4726042/turtlebot3_ws/src/METR4202/build/fronTEAR_commander/build
creating /home/s4726042/turtlebot3_ws/src/METR4202/build/fronTEAR_commander/build/lib
creating /home/s4726042/turtlebot3_ws/src/METR4202/build/fronTEAR_commander/build/lib/fronTEAR_commander
copying fronTEAR_commander/fronTEAR_commander.py -> /home/s4726042/turtlebot3_ws/src/METR4202/build/fronTEAR_commander/build/lib/fronTEAR_commander
copying fronTEAR_commander/nav2_waypoints.py -> /home/s4726042/turtlebot3_ws/src/METR4202/build/fronTEAR_commander/build/lib/fronTEAR_commander
copying fronTEAR_commander/fronTEAR_commander_old2.py -> /home/s4726042/turtlebot3_ws/src/METR4202/build/fronTEAR_commander/build/lib/fronTEAR_commander
copying fronTEAR_commander/__init__.py -> /home/s4726042/turtlebot3_ws/src/METR4202/build/fronTEAR_commander/build/lib/fronTEAR_commander
running install
running install_lib
creating /home/s4726042/turtlebot3_ws/src/METR4202/install/fronTEAR_commander/lib/python3.10/site-packages/fronTEAR_commander
byte-compiling /home/s4726042/turtlebot3_ws/src/METR4202/install/fronTEAR_commander/lib/python3.10/site-packages/fronTEAR_commander/fronTEAR_commander.py to fronTEAR_commander.cpython-310.pyc
byte-compiling /home/s4726042/turtlebot3_ws/src/METR4202/install/fronTEAR_commander/lib/python3.10/site-packages/fronTEAR_commander/nav2_waypoints.py to nav2_waypoints.cpython-310.pyc
byte-compiling /home/s4726042/turtlebot3_ws/src/METR4202/install/fronTEAR_commander/lib/python3.10/site-packages/fronTEAR_commander/fronTEAR_commander_old2.py to fronTEAR_commander_old2.cpython-310.pyc
byte-compiling /home/s4726042/turtlebot3_ws/src/METR4202/install/fronTEAR_commander/lib/python3.10/site-packages/fronTEAR_commander/__init__.py to __init__.cpython-310.pyc
running install_data
running install_egg_info
Copying ../build/fronTEAR_commander/fronTEAR_commander.egg-info to /home/s4726042/turtlebot3_ws/src/METR4202/install/fronTEAR_commander/lib/python3.10/site-packages/fronTEAR_commander-0.0.0-py3.10.egg-info
running install_scripts
writing list of installed files to '/home/s4726042/turtlebot3_ws/src/METR4202/build/fronTEAR_commander/install.log'
