running develop
running egg_info
writing manifest file '../build/ros2_aruco/ros2_aruco.egg-info/SOURCES.txt'
running build
running build_py
creating /home/s4726042/turtlebot3_ws/src/METR4202/build/ros2_aruco/build
creating /home/s4726042/turtlebot3_ws/src/METR4202/build/ros2_aruco/build/lib
creating /home/s4726042/turtlebot3_ws/src/METR4202/build/ros2_aruco/build/lib/ros2_aruco
copying ros2_aruco/aruco_node.py -> /home/s4726042/turtlebot3_ws/src/METR4202/build/ros2_aruco/build/lib/ros2_aruco
copying ros2_aruco/aruco_generate_marker.py -> /home/s4726042/turtlebot3_ws/src/METR4202/build/ros2_aruco/build/lib/ros2_aruco
copying ros2_aruco/__init__.py -> /home/s4726042/turtlebot3_ws/src/METR4202/build/ros2_aruco/build/lib/ros2_aruco
running install
running install_lib
creating /home/s4726042/turtlebot3_ws/src/METR4202/install/ros2_aruco/lib/python3.10/site-packages/ros2_aruco
byte-compiling /home/s4726042/turtlebot3_ws/src/METR4202/install/ros2_aruco/lib/python3.10/site-packages/ros2_aruco/aruco_node.py to aruco_node.cpython-310.pyc
byte-compiling /home/s4726042/turtlebot3_ws/src/METR4202/install/ros2_aruco/lib/python3.10/site-packages/ros2_aruco/aruco_generate_marker.py to aruco_generate_marker.cpython-310.pyc
byte-compiling /home/s4726042/turtlebot3_ws/src/METR4202/install/ros2_aruco/lib/python3.10/site-packages/ros2_aruco/__init__.py to __init__.cpython-310.pyc
running install_data
running install_egg_info
Copying ../build/ros2_aruco/ros2_aruco.egg-info to /home/s4726042/turtlebot3_ws/src/METR4202/install/ros2_aruco/lib/python3.10/site-packages/ros2_aruco-0.1.0-py3.10.egg-info
running install_scripts
writing list of installed files to '/home/s4726042/turtlebot3_ws/src/METR4202/build/ros2_aruco/install.log'
