[2.291s] DEBUG:colcon:Command line arguments: ['/usr/bin/colcon', 'build']
[2.291s] DEBUG:colcon:Parsed command line arguments: Namespace(log_base=None, log_level=None, verb_name='build', build_base='build', install_base='install', merge_install=False, symlink_install=False, test_result_base=None, continue_on_error=False, executor='parallel', parallel_workers=12, event_handlers=None, ignore_user_meta=False, metas=['./colcon.meta'], base_paths=['.'], packages_ignore=None, packages_ignore_regex=None, paths=None, packages_up_to=None, packages_up_to_regex=None, packages_above=None, packages_above_and_dependencies=None, packages_above_depth=None, packages_select_by_dep=None, packages_skip_by_dep=None, packages_skip_up_to=None, packages_select_build_failed=False, packages_skip_build_finished=False, packages_select_test_failures=False, packages_skip_test_passed=False, packages_select=None, packages_skip=None, packages_select_regex=None, packages_skip_regex=None, packages_start=None, packages_end=None, allow_overriding=[], cmake_args=None, cmake_target=None, cmake_target_skip_unavailable=False, cmake_clean_cache=False, cmake_clean_first=False, cmake_force_configure=False, ament_cmake_args=None, catkin_cmake_args=None, catkin_skip_building_tests=False, verb_parser=<colcon_defaults.argument_parser.defaults.DefaultArgumentsDecorator object at 0x7f43b1d7ca60>, verb_extension=<colcon_core.verb.build.BuildVerb object at 0x7f43b1d7f400>, main=<bound method BuildVerb.main of <colcon_core.verb.build.BuildVerb object at 0x7f43b1d7f400>>)
[2.394s] Level 1:colcon.colcon_core.package_discovery:discover_packages(colcon_meta) check parameters
[2.394s] Level 1:colcon.colcon_core.package_discovery:discover_packages(recursive) check parameters
[2.394s] Level 1:colcon.colcon_core.package_discovery:discover_packages(ignore) check parameters
[2.395s] Level 1:colcon.colcon_core.package_discovery:discover_packages(path) check parameters
[2.395s] Level 1:colcon.colcon_core.package_discovery:discover_packages(colcon_meta) discover
[2.395s] Level 1:colcon.colcon_core.package_discovery:discover_packages(recursive) discover
[2.395s] INFO:colcon.colcon_core.package_discovery:Crawling recursively for packages in '/home/s4726042/turtlebot3_ws/src/METR4202'
[2.395s] Level 1:colcon.colcon_core.package_identification:_identify(.) by extensions ['ignore', 'ignore_ament_install']
[2.395s] Level 1:colcon.colcon_core.package_identification:_identify(.) by extension 'ignore'
[2.395s] Level 1:colcon.colcon_core.package_identification:_identify(.) by extension 'ignore_ament_install'
[2.395s] Level 1:colcon.colcon_core.package_identification:_identify(.) by extensions ['colcon_pkg']
[2.395s] Level 1:colcon.colcon_core.package_identification:_identify(.) by extension 'colcon_pkg'
[2.396s] Level 1:colcon.colcon_core.package_identification:_identify(.) by extensions ['colcon_meta']
[2.396s] Level 1:colcon.colcon_core.package_identification:_identify(.) by extension 'colcon_meta'
[2.396s] Level 1:colcon.colcon_core.package_identification:_identify(.) by extensions ['ros']
[2.396s] Level 1:colcon.colcon_core.package_identification:_identify(.) by extension 'ros'
[2.417s] Level 1:colcon.colcon_core.package_identification:_identify(.) by extensions ['cmake', 'python']
[2.418s] Level 1:colcon.colcon_core.package_identification:_identify(.) by extension 'cmake'
[2.418s] Level 1:colcon.colcon_core.package_identification:_identify(.) by extension 'python'
[2.418s] Level 1:colcon.colcon_core.package_identification:_identify(.) by extensions ['python_setup_py']
[2.418s] Level 1:colcon.colcon_core.package_identification:_identify(.) by extension 'python_setup_py'
[2.418s] Level 1:colcon.colcon_core.package_identification:_identify(build) by extensions ['ignore', 'ignore_ament_install']
[2.418s] Level 1:colcon.colcon_core.package_identification:_identify(build) by extension 'ignore'
[2.419s] Level 1:colcon.colcon_core.package_identification:_identify(build) ignored
[2.419s] Level 1:colcon.colcon_core.package_identification:_identify(fronTEAR_commander) by extensions ['ignore', 'ignore_ament_install']
[2.419s] Level 1:colcon.colcon_core.package_identification:_identify(fronTEAR_commander) by extension 'ignore'
[2.419s] Level 1:colcon.colcon_core.package_identification:_identify(fronTEAR_commander) by extension 'ignore_ament_install'
[2.419s] Level 1:colcon.colcon_core.package_identification:_identify(fronTEAR_commander) by extensions ['colcon_pkg']
[2.419s] Level 1:colcon.colcon_core.package_identification:_identify(fronTEAR_commander) by extension 'colcon_pkg'
[2.419s] Level 1:colcon.colcon_core.package_identification:_identify(fronTEAR_commander) by extensions ['colcon_meta']
[2.420s] Level 1:colcon.colcon_core.package_identification:_identify(fronTEAR_commander) by extension 'colcon_meta'
[2.420s] Level 1:colcon.colcon_core.package_identification:_identify(fronTEAR_commander) by extensions ['ros']
[2.420s] Level 1:colcon.colcon_core.package_identification:_identify(fronTEAR_commander) by extension 'ros'
[2.425s] DEBUG:colcon.colcon_core.package_identification:Package 'fronTEAR_commander' with type 'ros.ament_python' and name 'fronTEAR_commander'
[2.426s] Level 1:colcon.colcon_core.package_identification:_identify(install) by extensions ['ignore', 'ignore_ament_install']
[2.426s] Level 1:colcon.colcon_core.package_identification:_identify(install) by extension 'ignore'
[2.426s] Level 1:colcon.colcon_core.package_identification:_identify(install) ignored
[2.427s] Level 1:colcon.colcon_core.package_identification:_identify(log) by extensions ['ignore', 'ignore_ament_install']
[2.427s] Level 1:colcon.colcon_core.package_identification:_identify(log) by extension 'ignore'
[2.427s] Level 1:colcon.colcon_core.package_identification:_identify(log) ignored
[2.427s] Level 1:colcon.colcon_core.package_identification:_identify(ros2_aruco) by extensions ['ignore', 'ignore_ament_install']
[2.427s] Level 1:colcon.colcon_core.package_identification:_identify(ros2_aruco) by extension 'ignore'
[2.427s] Level 1:colcon.colcon_core.package_identification:_identify(ros2_aruco) by extension 'ignore_ament_install'
[2.427s] Level 1:colcon.colcon_core.package_identification:_identify(ros2_aruco) by extensions ['colcon_pkg']
[2.427s] Level 1:colcon.colcon_core.package_identification:_identify(ros2_aruco) by extension 'colcon_pkg'
[2.427s] Level 1:colcon.colcon_core.package_identification:_identify(ros2_aruco) by extensions ['colcon_meta']
[2.427s] Level 1:colcon.colcon_core.package_identification:_identify(ros2_aruco) by extension 'colcon_meta'
[2.427s] Level 1:colcon.colcon_core.package_identification:_identify(ros2_aruco) by extensions ['ros']
[2.427s] Level 1:colcon.colcon_core.package_identification:_identify(ros2_aruco) by extension 'ros'
[2.428s] DEBUG:colcon.colcon_core.package_identification:Package 'ros2_aruco' with type 'ros.ament_python' and name 'ros2_aruco'
[2.428s] Level 1:colcon.colcon_core.package_identification:_identify(ros2_aruco_interfaces) by extensions ['ignore', 'ignore_ament_install']
[2.429s] Level 1:colcon.colcon_core.package_identification:_identify(ros2_aruco_interfaces) by extension 'ignore'
[2.429s] Level 1:colcon.colcon_core.package_identification:_identify(ros2_aruco_interfaces) by extension 'ignore_ament_install'
[2.429s] Level 1:colcon.colcon_core.package_identification:_identify(ros2_aruco_interfaces) by extensions ['colcon_pkg']
[2.429s] Level 1:colcon.colcon_core.package_identification:_identify(ros2_aruco_interfaces) by extension 'colcon_pkg'
[2.429s] Level 1:colcon.colcon_core.package_identification:_identify(ros2_aruco_interfaces) by extensions ['colcon_meta']
[2.429s] Level 1:colcon.colcon_core.package_identification:_identify(ros2_aruco_interfaces) by extension 'colcon_meta'
[2.429s] Level 1:colcon.colcon_core.package_identification:_identify(ros2_aruco_interfaces) by extensions ['ros']
[2.429s] Level 1:colcon.colcon_core.package_identification:_identify(ros2_aruco_interfaces) by extension 'ros'
[2.430s] DEBUG:colcon.colcon_core.package_identification:Package 'ros2_aruco_interfaces' with type 'ros.ament_cmake' and name 'ros2_aruco_interfaces'
[2.430s] Level 1:colcon.colcon_core.package_discovery:discover_packages(recursive) using defaults
[2.430s] Level 1:colcon.colcon_core.package_discovery:discover_packages(ignore) discover
[2.430s] Level 1:colcon.colcon_core.package_discovery:discover_packages(ignore) using defaults
[2.430s] Level 1:colcon.colcon_core.package_discovery:discover_packages(path) discover
[2.430s] Level 1:colcon.colcon_core.package_discovery:discover_packages(path) using defaults
[2.641s] Level 1:colcon.colcon_core.package_discovery:discover_packages(prefix_path) check parameters
[2.641s] Level 1:colcon.colcon_core.package_discovery:discover_packages(prefix_path) discover
[2.704s] DEBUG:colcon.colcon_installed_package_information.package_discovery:Found 1 installed packages in /home/s4726042/ros2_ws/install
[2.738s] DEBUG:colcon.colcon_installed_package_information.package_discovery:Found 7 installed packages in /home/s4726042/turtlebot3_ws/install
[2.767s] DEBUG:colcon.colcon_installed_package_information.package_discovery:Found 378 installed packages in /opt/ros/humble
[2.793s] Level 1:colcon.colcon_core.package_discovery:discover_packages(prefix_path) using defaults
[2.991s] Level 5:colcon.colcon_core.verb:set package 'fronTEAR_commander' build argument 'cmake_args' from command line to 'None'
[2.991s] Level 5:colcon.colcon_core.verb:set package 'fronTEAR_commander' build argument 'cmake_target' from command line to 'None'
[2.991s] Level 5:colcon.colcon_core.verb:set package 'fronTEAR_commander' build argument 'cmake_target_skip_unavailable' from command line to 'False'
[2.991s] Level 5:colcon.colcon_core.verb:set package 'fronTEAR_commander' build argument 'cmake_clean_cache' from command line to 'False'
[2.992s] Level 5:colcon.colcon_core.verb:set package 'fronTEAR_commander' build argument 'cmake_clean_first' from command line to 'False'
[2.992s] Level 5:colcon.colcon_core.verb:set package 'fronTEAR_commander' build argument 'cmake_force_configure' from command line to 'False'
[2.992s] Level 5:colcon.colcon_core.verb:set package 'fronTEAR_commander' build argument 'ament_cmake_args' from command line to 'None'
[2.992s] Level 5:colcon.colcon_core.verb:set package 'fronTEAR_commander' build argument 'catkin_cmake_args' from command line to 'None'
[2.992s] Level 5:colcon.colcon_core.verb:set package 'fronTEAR_commander' build argument 'catkin_skip_building_tests' from command line to 'False'
[2.992s] DEBUG:colcon.colcon_core.verb:Building package 'fronTEAR_commander' with the following arguments: {'ament_cmake_args': None, 'build_base': '/home/s4726042/turtlebot3_ws/src/METR4202/build/fronTEAR_commander', 'catkin_cmake_args': None, 'catkin_skip_building_tests': False, 'cmake_args': None, 'cmake_clean_cache': False, 'cmake_clean_first': False, 'cmake_force_configure': False, 'cmake_target': None, 'cmake_target_skip_unavailable': False, 'install_base': '/home/s4726042/turtlebot3_ws/src/METR4202/install/fronTEAR_commander', 'merge_install': False, 'path': '/home/s4726042/turtlebot3_ws/src/METR4202/fronTEAR_commander', 'symlink_install': False, 'test_result_base': None}
[3.027s] Level 5:colcon.colcon_core.verb:set package 'ros2_aruco' build argument 'cmake_args' from command line to 'None'
[3.027s] Level 5:colcon.colcon_core.verb:set package 'ros2_aruco' build argument 'cmake_target' from command line to 'None'
[3.027s] Level 5:colcon.colcon_core.verb:set package 'ros2_aruco' build argument 'cmake_target_skip_unavailable' from command line to 'False'
[3.027s] Level 5:colcon.colcon_core.verb:set package 'ros2_aruco' build argument 'cmake_clean_cache' from command line to 'False'
[3.027s] Level 5:colcon.colcon_core.verb:set package 'ros2_aruco' build argument 'cmake_clean_first' from command line to 'False'
[3.027s] Level 5:colcon.colcon_core.verb:set package 'ros2_aruco' build argument 'cmake_force_configure' from command line to 'False'
[3.027s] Level 5:colcon.colcon_core.verb:set package 'ros2_aruco' build argument 'ament_cmake_args' from command line to 'None'
[3.027s] Level 5:colcon.colcon_core.verb:set package 'ros2_aruco' build argument 'catkin_cmake_args' from command line to 'None'
[3.027s] Level 5:colcon.colcon_core.verb:set package 'ros2_aruco' build argument 'catkin_skip_building_tests' from command line to 'False'
[3.027s] DEBUG:colcon.colcon_core.verb:Building package 'ros2_aruco' with the following arguments: {'ament_cmake_args': None, 'build_base': '/home/s4726042/turtlebot3_ws/src/METR4202/build/ros2_aruco', 'catkin_cmake_args': None, 'catkin_skip_building_tests': False, 'cmake_args': None, 'cmake_clean_cache': False, 'cmake_clean_first': False, 'cmake_force_configure': False, 'cmake_target': None, 'cmake_target_skip_unavailable': False, 'install_base': '/home/s4726042/turtlebot3_ws/src/METR4202/install/ros2_aruco', 'merge_install': False, 'path': '/home/s4726042/turtlebot3_ws/src/METR4202/ros2_aruco', 'symlink_install': False, 'test_result_base': None}
[3.054s] Level 5:colcon.colcon_core.verb:set package 'ros2_aruco_interfaces' build argument 'cmake_args' from command line to 'None'
[3.054s] Level 5:colcon.colcon_core.verb:set package 'ros2_aruco_interfaces' build argument 'cmake_target' from command line to 'None'
[3.054s] Level 5:colcon.colcon_core.verb:set package 'ros2_aruco_interfaces' build argument 'cmake_target_skip_unavailable' from command line to 'False'
[3.054s] Level 5:colcon.colcon_core.verb:set package 'ros2_aruco_interfaces' build argument 'cmake_clean_cache' from command line to 'False'
[3.054s] Level 5:colcon.colcon_core.verb:set package 'ros2_aruco_interfaces' build argument 'cmake_clean_first' from command line to 'False'
[3.054s] Level 5:colcon.colcon_core.verb:set package 'ros2_aruco_interfaces' build argument 'cmake_force_configure' from command line to 'False'
[3.054s] Level 5:colcon.colcon_core.verb:set package 'ros2_aruco_interfaces' build argument 'ament_cmake_args' from command line to 'None'
[3.054s] Level 5:colcon.colcon_core.verb:set package 'ros2_aruco_interfaces' build argument 'catkin_cmake_args' from command line to 'None'
[3.054s] Level 5:colcon.colcon_core.verb:set package 'ros2_aruco_interfaces' build argument 'catkin_skip_building_tests' from command line to 'False'
[3.054s] DEBUG:colcon.colcon_core.verb:Building package 'ros2_aruco_interfaces' with the following arguments: {'ament_cmake_args': None, 'build_base': '/home/s4726042/turtlebot3_ws/src/METR4202/build/ros2_aruco_interfaces', 'catkin_cmake_args': None, 'catkin_skip_building_tests': False, 'cmake_args': None, 'cmake_clean_cache': False, 'cmake_clean_first': False, 'cmake_force_configure': False, 'cmake_target': None, 'cmake_target_skip_unavailable': False, 'install_base': '/home/s4726042/turtlebot3_ws/src/METR4202/install/ros2_aruco_interfaces', 'merge_install': False, 'path': '/home/s4726042/turtlebot3_ws/src/METR4202/ros2_aruco_interfaces', 'symlink_install': False, 'test_result_base': None}
[3.090s] INFO:colcon.colcon_core.executor:Executing jobs using 'parallel' executor
[3.120s] DEBUG:colcon.colcon_parallel_executor.executor.parallel:run_until_complete
[3.122s] INFO:colcon.colcon_ros.task.ament_python.build:Building ROS package in '/home/s4726042/turtlebot3_ws/src/METR4202/fronTEAR_commander' with build type 'ament_python'
[3.122s] Level 1:colcon.colcon_core.shell:create_environment_hook('fronTEAR_commander', 'ament_prefix_path')
[3.159s] INFO:colcon.colcon_core.plugin_system:Skipping extension 'colcon_core.shell.bat': Not used on non-Windows systems
[3.159s] INFO:colcon.colcon_core.shell:Creating environment hook '/home/s4726042/turtlebot3_ws/src/METR4202/install/fronTEAR_commander/share/fronTEAR_commander/hook/ament_prefix_path.ps1'
[3.162s] INFO:colcon.colcon_core.shell:Creating environment descriptor '/home/s4726042/turtlebot3_ws/src/METR4202/install/fronTEAR_commander/share/fronTEAR_commander/hook/ament_prefix_path.dsv'
[3.163s] INFO:colcon.colcon_core.shell:Creating environment hook '/home/s4726042/turtlebot3_ws/src/METR4202/install/fronTEAR_commander/share/fronTEAR_commander/hook/ament_prefix_path.sh'
[3.195s] INFO:colcon.colcon_core.shell:Skip shell extension 'powershell' for command environment: Not usable outside of PowerShell
[3.195s] DEBUG:colcon.colcon_core.shell:Skip shell extension 'dsv' for command environment
[3.362s] INFO:colcon.colcon_ros.task.ament_python.build:Building ROS package in '/home/s4726042/turtlebot3_ws/src/METR4202/ros2_aruco' with build type 'ament_python'
[3.363s] Level 1:colcon.colcon_core.shell:create_environment_hook('ros2_aruco', 'ament_prefix_path')
[3.394s] INFO:colcon.colcon_core.shell:Creating environment hook '/home/s4726042/turtlebot3_ws/src/METR4202/install/ros2_aruco/share/ros2_aruco/hook/ament_prefix_path.ps1'
[3.395s] INFO:colcon.colcon_core.shell:Creating environment descriptor '/home/s4726042/turtlebot3_ws/src/METR4202/install/ros2_aruco/share/ros2_aruco/hook/ament_prefix_path.dsv'
[3.396s] INFO:colcon.colcon_core.shell:Creating environment hook '/home/s4726042/turtlebot3_ws/src/METR4202/install/ros2_aruco/share/ros2_aruco/hook/ament_prefix_path.sh'
[3.426s] INFO:colcon.colcon_core.shell:Skip shell extension 'powershell' for command environment: Not usable outside of PowerShell
[3.427s] DEBUG:colcon.colcon_core.shell:Skip shell extension 'dsv' for command environment
[3.594s] INFO:colcon.colcon_ros.task.ament_cmake.build:Building ROS package in '/home/s4726042/turtlebot3_ws/src/METR4202/ros2_aruco_interfaces' with build type 'ament_cmake'
[3.595s] INFO:colcon.colcon_cmake.task.cmake.build:Building CMake package in '/home/s4726042/turtlebot3_ws/src/METR4202/ros2_aruco_interfaces'
[3.631s] INFO:colcon.colcon_core.shell:Skip shell extension 'powershell' for command environment: Not usable outside of PowerShell
[3.631s] DEBUG:colcon.colcon_core.shell:Skip shell extension 'dsv' for command environment
[4.403s] INFO:colcon.colcon_core.task.python.build:Building Python package in '/home/s4726042/turtlebot3_ws/src/METR4202/fronTEAR_commander'
[4.431s] INFO:colcon.colcon_core.shell:Skip shell extension 'powershell' for command environment: Not usable outside of PowerShell
[4.431s] DEBUG:colcon.colcon_core.shell:Skip shell extension 'dsv' for command environment
[5.235s] INFO:colcon.colcon_core.task.python.build:Building Python package in '/home/s4726042/turtlebot3_ws/src/METR4202/ros2_aruco'
[5.279s] INFO:colcon.colcon_core.shell:Skip shell extension 'powershell' for command environment: Not usable outside of PowerShell
[5.279s] DEBUG:colcon.colcon_core.shell:Skip shell extension 'dsv' for command environment
[5.447s] DEBUG:colcon.colcon_core.event_handler.log_command:Invoking command in '/home/s4726042/turtlebot3_ws/src/METR4202/build/ros2_aruco_interfaces': CMAKE_PREFIX_PATH=${CMAKE_PREFIX_PATH}:/home/s4726042/ros2_ws/install/m4202_py_pkg:/home/s4726042/turtlebot3_ws/install/waypoint_commander:/home/s4726042/turtlebot3_ws/install/turtlebot3_gazebo:/home/s4726042/turtlebot3_ws/install/ros2_aruco:/home/s4726042/turtlebot3_ws/install/fronTEAR_commander:/opt/ros/humble /usr/bin/cmake /home/s4726042/turtlebot3_ws/src/METR4202/ros2_aruco_interfaces -DCMAKE_INSTALL_PREFIX=/home/s4726042/turtlebot3_ws/src/METR4202/install/ros2_aruco_interfaces
[6.811s] DEBUG:colcon.colcon_core.event_handler.log_command:Invoking command in '/home/s4726042/turtlebot3_ws/src/METR4202/build/fronTEAR_commander': PYTHONPATH=/home/s4726042/turtlebot3_ws/src/METR4202/build/fronTEAR_commander/prefix_override:/home/s4726042/turtlebot3_ws/src/METR4202/install/fronTEAR_commander/lib/python3.10/site-packages:${PYTHONPATH} /usr/bin/python3 setup.py develop --uninstall --editable --build-directory /home/s4726042/turtlebot3_ws/src/METR4202/build/fronTEAR_commander/build
[6.965s] DEBUG:colcon.colcon_core.event_handler.log_command:Invoking command in '/home/s4726042/turtlebot3_ws/src/METR4202/build/ros2_aruco': PYTHONPATH=/home/s4726042/turtlebot3_ws/src/METR4202/build/ros2_aruco/prefix_override:/home/s4726042/turtlebot3_ws/src/METR4202/install/ros2_aruco/lib/python3.10/site-packages:${PYTHONPATH} /usr/bin/python3 setup.py develop --uninstall --editable --build-directory /home/s4726042/turtlebot3_ws/src/METR4202/build/ros2_aruco/build
[8.415s] DEBUG:colcon.colcon_core.event_handler.log_command:Invoked command in '/home/s4726042/turtlebot3_ws/src/METR4202/build/fronTEAR_commander' returned '0': PYTHONPATH=/home/s4726042/turtlebot3_ws/src/METR4202/build/fronTEAR_commander/prefix_override:/home/s4726042/turtlebot3_ws/src/METR4202/install/fronTEAR_commander/lib/python3.10/site-packages:${PYTHONPATH} /usr/bin/python3 setup.py develop --uninstall --editable --build-directory /home/s4726042/turtlebot3_ws/src/METR4202/build/fronTEAR_commander/build
[8.431s] DEBUG:colcon.colcon_core.event_handler.log_command:Invoking command in '/home/s4726042/turtlebot3_ws/src/METR4202/fronTEAR_commander': PYTHONPATH=/home/s4726042/turtlebot3_ws/src/METR4202/build/fronTEAR_commander/prefix_override:/home/s4726042/turtlebot3_ws/src/METR4202/install/fronTEAR_commander/lib/python3.10/site-packages:${PYTHONPATH} /usr/bin/python3 setup.py egg_info --egg-base ../build/fronTEAR_commander build --build-base /home/s4726042/turtlebot3_ws/src/METR4202/build/fronTEAR_commander/build install --record /home/s4726042/turtlebot3_ws/src/METR4202/build/fronTEAR_commander/install.log --single-version-externally-managed
[8.705s] DEBUG:colcon.colcon_core.event_handler.log_command:Invoked command in '/home/s4726042/turtlebot3_ws/src/METR4202/build/ros2_aruco' returned '0': PYTHONPATH=/home/s4726042/turtlebot3_ws/src/METR4202/build/ros2_aruco/prefix_override:/home/s4726042/turtlebot3_ws/src/METR4202/install/ros2_aruco/lib/python3.10/site-packages:${PYTHONPATH} /usr/bin/python3 setup.py develop --uninstall --editable --build-directory /home/s4726042/turtlebot3_ws/src/METR4202/build/ros2_aruco/build
[8.708s] DEBUG:colcon.colcon_core.event_handler.log_command:Invoking command in '/home/s4726042/turtlebot3_ws/src/METR4202/ros2_aruco': PYTHONPATH=/home/s4726042/turtlebot3_ws/src/METR4202/build/ros2_aruco/prefix_override:/home/s4726042/turtlebot3_ws/src/METR4202/install/ros2_aruco/lib/python3.10/site-packages:${PYTHONPATH} /usr/bin/python3 setup.py egg_info --egg-base ../build/ros2_aruco build --build-base /home/s4726042/turtlebot3_ws/src/METR4202/build/ros2_aruco/build install --record /home/s4726042/turtlebot3_ws/src/METR4202/build/ros2_aruco/install.log --single-version-externally-managed
[9.625s] DEBUG:colcon.colcon_core.event_handler.log_command:Invoked command in '/home/s4726042/turtlebot3_ws/src/METR4202/fronTEAR_commander' returned '0': PYTHONPATH=/home/s4726042/turtlebot3_ws/src/METR4202/build/fronTEAR_commander/prefix_override:/home/s4726042/turtlebot3_ws/src/METR4202/install/fronTEAR_commander/lib/python3.10/site-packages:${PYTHONPATH} /usr/bin/python3 setup.py egg_info --egg-base ../build/fronTEAR_commander build --build-base /home/s4726042/turtlebot3_ws/src/METR4202/build/fronTEAR_commander/build install --record /home/s4726042/turtlebot3_ws/src/METR4202/build/fronTEAR_commander/install.log --single-version-externally-managed
[9.747s] Level 1:colcon.colcon_core.environment:checking '/home/s4726042/turtlebot3_ws/src/METR4202/install/fronTEAR_commander' for CMake module files
[9.754s] Level 1:colcon.colcon_core.environment:checking '/home/s4726042/turtlebot3_ws/src/METR4202/install/fronTEAR_commander' for CMake config files
[9.756s] Level 1:colcon.colcon_core.environment:checking '/home/s4726042/turtlebot3_ws/src/METR4202/install/fronTEAR_commander/lib'
[9.756s] Level 1:colcon.colcon_core.environment:checking '/home/s4726042/turtlebot3_ws/src/METR4202/install/fronTEAR_commander/bin'
[9.756s] Level 1:colcon.colcon_core.environment:checking '/home/s4726042/turtlebot3_ws/src/METR4202/install/fronTEAR_commander/lib/pkgconfig/fronTEAR_commander.pc'
[9.757s] Level 1:colcon.colcon_core.environment:checking '/home/s4726042/turtlebot3_ws/src/METR4202/install/fronTEAR_commander/lib/python3.10/site-packages'
[9.757s] Level 1:colcon.colcon_core.shell:create_environment_hook('fronTEAR_commander', 'pythonpath')
[9.814s] INFO:colcon.colcon_core.shell:Creating environment hook '/home/s4726042/turtlebot3_ws/src/METR4202/install/fronTEAR_commander/share/fronTEAR_commander/hook/pythonpath.ps1'
[9.815s] INFO:colcon.colcon_core.shell:Creating environment descriptor '/home/s4726042/turtlebot3_ws/src/METR4202/install/fronTEAR_commander/share/fronTEAR_commander/hook/pythonpath.dsv'
[9.816s] INFO:colcon.colcon_core.shell:Creating environment hook '/home/s4726042/turtlebot3_ws/src/METR4202/install/fronTEAR_commander/share/fronTEAR_commander/hook/pythonpath.sh'
[9.816s] Level 1:colcon.colcon_core.environment:checking '/home/s4726042/turtlebot3_ws/src/METR4202/install/fronTEAR_commander/bin'
[9.817s] Level 1:colcon.colcon_core.environment:create_environment_scripts_only(fronTEAR_commander)
[9.862s] INFO:colcon.colcon_core.shell:Creating package script '/home/s4726042/turtlebot3_ws/src/METR4202/install/fronTEAR_commander/share/fronTEAR_commander/package.ps1'
[9.864s] INFO:colcon.colcon_core.shell:Creating package descriptor '/home/s4726042/turtlebot3_ws/src/METR4202/install/fronTEAR_commander/share/fronTEAR_commander/package.dsv'
[9.867s] INFO:colcon.colcon_core.shell:Creating package script '/home/s4726042/turtlebot3_ws/src/METR4202/install/fronTEAR_commander/share/fronTEAR_commander/package.sh'
[9.871s] INFO:colcon.colcon_core.shell:Creating package script '/home/s4726042/turtlebot3_ws/src/METR4202/install/fronTEAR_commander/share/fronTEAR_commander/package.bash'
[9.872s] INFO:colcon.colcon_core.shell:Creating package script '/home/s4726042/turtlebot3_ws/src/METR4202/install/fronTEAR_commander/share/fronTEAR_commander/package.zsh'
[9.873s] Level 1:colcon.colcon_core.environment:create_file_with_runtime_dependencies(/home/s4726042/turtlebot3_ws/src/METR4202/install/fronTEAR_commander/share/colcon-core/packages/fronTEAR_commander)
[9.884s] DEBUG:colcon.colcon_core.event_handler.log_command:Invoked command in '/home/s4726042/turtlebot3_ws/src/METR4202/ros2_aruco' returned '0': PYTHONPATH=/home/s4726042/turtlebot3_ws/src/METR4202/build/ros2_aruco/prefix_override:/home/s4726042/turtlebot3_ws/src/METR4202/install/ros2_aruco/lib/python3.10/site-packages:${PYTHONPATH} /usr/bin/python3 setup.py egg_info --egg-base ../build/ros2_aruco build --build-base /home/s4726042/turtlebot3_ws/src/METR4202/build/ros2_aruco/build install --record /home/s4726042/turtlebot3_ws/src/METR4202/build/ros2_aruco/install.log --single-version-externally-managed
[9.952s] Level 1:colcon.colcon_core.environment:checking '/home/s4726042/turtlebot3_ws/src/METR4202/install/ros2_aruco' for CMake module files
[9.953s] Level 1:colcon.colcon_core.environment:checking '/home/s4726042/turtlebot3_ws/src/METR4202/install/ros2_aruco' for CMake config files
[9.954s] Level 1:colcon.colcon_core.environment:checking '/home/s4726042/turtlebot3_ws/src/METR4202/install/ros2_aruco/lib'
[9.954s] Level 1:colcon.colcon_core.environment:checking '/home/s4726042/turtlebot3_ws/src/METR4202/install/ros2_aruco/bin'
[9.954s] Level 1:colcon.colcon_core.environment:checking '/home/s4726042/turtlebot3_ws/src/METR4202/install/ros2_aruco/lib/pkgconfig/ros2_aruco.pc'
[9.954s] Level 1:colcon.colcon_core.environment:checking '/home/s4726042/turtlebot3_ws/src/METR4202/install/ros2_aruco/lib/python3.10/site-packages'
[9.954s] Level 1:colcon.colcon_core.shell:create_environment_hook('ros2_aruco', 'pythonpath')
[9.994s] INFO:colcon.colcon_core.shell:Creating environment hook '/home/s4726042/turtlebot3_ws/src/METR4202/install/ros2_aruco/share/ros2_aruco/hook/pythonpath.ps1'
[9.995s] INFO:colcon.colcon_core.shell:Creating environment descriptor '/home/s4726042/turtlebot3_ws/src/METR4202/install/ros2_aruco/share/ros2_aruco/hook/pythonpath.dsv'
[9.995s] INFO:colcon.colcon_core.shell:Creating environment hook '/home/s4726042/turtlebot3_ws/src/METR4202/install/ros2_aruco/share/ros2_aruco/hook/pythonpath.sh'
[9.996s] Level 1:colcon.colcon_core.environment:checking '/home/s4726042/turtlebot3_ws/src/METR4202/install/ros2_aruco/bin'
[9.996s] Level 1:colcon.colcon_core.environment:create_environment_scripts_only(ros2_aruco)
[10.037s] INFO:colcon.colcon_core.shell:Creating package script '/home/s4726042/turtlebot3_ws/src/METR4202/install/ros2_aruco/share/ros2_aruco/package.ps1'
[10.043s] INFO:colcon.colcon_core.shell:Creating package descriptor '/home/s4726042/turtlebot3_ws/src/METR4202/install/ros2_aruco/share/ros2_aruco/package.dsv'
[10.046s] INFO:colcon.colcon_core.shell:Creating package script '/home/s4726042/turtlebot3_ws/src/METR4202/install/ros2_aruco/share/ros2_aruco/package.sh'
[10.052s] INFO:colcon.colcon_core.shell:Creating package script '/home/s4726042/turtlebot3_ws/src/METR4202/install/ros2_aruco/share/ros2_aruco/package.bash'
[10.055s] INFO:colcon.colcon_core.shell:Creating package script '/home/s4726042/turtlebot3_ws/src/METR4202/install/ros2_aruco/share/ros2_aruco/package.zsh'
[10.059s] Level 1:colcon.colcon_core.environment:create_file_with_runtime_dependencies(/home/s4726042/turtlebot3_ws/src/METR4202/install/ros2_aruco/share/colcon-core/packages/ros2_aruco)
[12.496s] DEBUG:colcon.colcon_core.event_handler.log_command:Invoked command in '/home/s4726042/turtlebot3_ws/src/METR4202/build/ros2_aruco_interfaces' returned '0': CMAKE_PREFIX_PATH=${CMAKE_PREFIX_PATH}:/home/s4726042/ros2_ws/install/m4202_py_pkg:/home/s4726042/turtlebot3_ws/install/waypoint_commander:/home/s4726042/turtlebot3_ws/install/turtlebot3_gazebo:/home/s4726042/turtlebot3_ws/install/ros2_aruco:/home/s4726042/turtlebot3_ws/install/fronTEAR_commander:/opt/ros/humble /usr/bin/cmake /home/s4726042/turtlebot3_ws/src/METR4202/ros2_aruco_interfaces -DCMAKE_INSTALL_PREFIX=/home/s4726042/turtlebot3_ws/src/METR4202/install/ros2_aruco_interfaces
[12.500s] DEBUG:colcon.colcon_core.event_handler.log_command:Invoking command in '/home/s4726042/turtlebot3_ws/src/METR4202/build/ros2_aruco_interfaces': CMAKE_PREFIX_PATH=${CMAKE_PREFIX_PATH}:/home/s4726042/ros2_ws/install/m4202_py_pkg:/home/s4726042/turtlebot3_ws/install/waypoint_commander:/home/s4726042/turtlebot3_ws/install/turtlebot3_gazebo:/home/s4726042/turtlebot3_ws/install/ros2_aruco:/home/s4726042/turtlebot3_ws/install/fronTEAR_commander:/opt/ros/humble /usr/bin/cmake --build /home/s4726042/turtlebot3_ws/src/METR4202/build/ros2_aruco_interfaces -- -j12 -l12
[13.420s] DEBUG:colcon.colcon_core.event_handler.log_command:Invoked command in '/home/s4726042/turtlebot3_ws/src/METR4202/build/ros2_aruco_interfaces' returned '0': CMAKE_PREFIX_PATH=${CMAKE_PREFIX_PATH}:/home/s4726042/ros2_ws/install/m4202_py_pkg:/home/s4726042/turtlebot3_ws/install/waypoint_commander:/home/s4726042/turtlebot3_ws/install/turtlebot3_gazebo:/home/s4726042/turtlebot3_ws/install/ros2_aruco:/home/s4726042/turtlebot3_ws/install/fronTEAR_commander:/opt/ros/humble /usr/bin/cmake --build /home/s4726042/turtlebot3_ws/src/METR4202/build/ros2_aruco_interfaces -- -j12 -l12
[13.601s] DEBUG:colcon.colcon_core.event_handler.log_command:Invoking command in '/home/s4726042/turtlebot3_ws/src/METR4202/build/ros2_aruco_interfaces': CMAKE_PREFIX_PATH=${CMAKE_PREFIX_PATH}:/home/s4726042/ros2_ws/install/m4202_py_pkg:/home/s4726042/turtlebot3_ws/install/waypoint_commander:/home/s4726042/turtlebot3_ws/install/turtlebot3_gazebo:/home/s4726042/turtlebot3_ws/install/ros2_aruco:/home/s4726042/turtlebot3_ws/install/fronTEAR_commander:/opt/ros/humble /usr/bin/cmake --install /home/s4726042/turtlebot3_ws/src/METR4202/build/ros2_aruco_interfaces
[13.766s] Level 1:colcon.colcon_core.environment:create_environment_scripts_only(ros2_aruco_interfaces)
[13.767s] DEBUG:colcon.colcon_core.event_handler.log_command:Invoked command in '/home/s4726042/turtlebot3_ws/src/METR4202/build/ros2_aruco_interfaces' returned '0': CMAKE_PREFIX_PATH=${CMAKE_PREFIX_PATH}:/home/s4726042/ros2_ws/install/m4202_py_pkg:/home/s4726042/turtlebot3_ws/install/waypoint_commander:/home/s4726042/turtlebot3_ws/install/turtlebot3_gazebo:/home/s4726042/turtlebot3_ws/install/ros2_aruco:/home/s4726042/turtlebot3_ws/install/fronTEAR_commander:/opt/ros/humble /usr/bin/cmake --install /home/s4726042/turtlebot3_ws/src/METR4202/build/ros2_aruco_interfaces
[13.800s] Level 1:colcon.colcon_core.environment:checking '/home/s4726042/turtlebot3_ws/src/METR4202/install/ros2_aruco_interfaces' for CMake module files
[13.801s] Level 1:colcon.colcon_core.environment:checking '/home/s4726042/turtlebot3_ws/src/METR4202/install/ros2_aruco_interfaces' for CMake config files
[13.803s] Level 1:colcon.colcon_core.shell:create_environment_hook('ros2_aruco_interfaces', 'cmake_prefix_path')
[13.845s] INFO:colcon.colcon_core.shell:Creating environment hook '/home/s4726042/turtlebot3_ws/src/METR4202/install/ros2_aruco_interfaces/share/ros2_aruco_interfaces/hook/cmake_prefix_path.ps1'
[13.848s] INFO:colcon.colcon_core.shell:Creating environment descriptor '/home/s4726042/turtlebot3_ws/src/METR4202/install/ros2_aruco_interfaces/share/ros2_aruco_interfaces/hook/cmake_prefix_path.dsv'
[13.849s] INFO:colcon.colcon_core.shell:Creating environment hook '/home/s4726042/turtlebot3_ws/src/METR4202/install/ros2_aruco_interfaces/share/ros2_aruco_interfaces/hook/cmake_prefix_path.sh'
[13.852s] Level 1:colcon.colcon_core.environment:checking '/home/s4726042/turtlebot3_ws/src/METR4202/install/ros2_aruco_interfaces/lib'
[13.852s] Level 1:colcon.colcon_core.shell:create_environment_hook('ros2_aruco_interfaces', 'ld_library_path_lib')
[13.893s] INFO:colcon.colcon_core.shell:Creating environment hook '/home/s4726042/turtlebot3_ws/src/METR4202/install/ros2_aruco_interfaces/share/ros2_aruco_interfaces/hook/ld_library_path_lib.ps1'
[13.895s] INFO:colcon.colcon_core.shell:Creating environment descriptor '/home/s4726042/turtlebot3_ws/src/METR4202/install/ros2_aruco_interfaces/share/ros2_aruco_interfaces/hook/ld_library_path_lib.dsv'
[13.896s] INFO:colcon.colcon_core.shell:Creating environment hook '/home/s4726042/turtlebot3_ws/src/METR4202/install/ros2_aruco_interfaces/share/ros2_aruco_interfaces/hook/ld_library_path_lib.sh'
[13.897s] Level 1:colcon.colcon_core.environment:checking '/home/s4726042/turtlebot3_ws/src/METR4202/install/ros2_aruco_interfaces/bin'
[13.897s] Level 1:colcon.colcon_core.environment:checking '/home/s4726042/turtlebot3_ws/src/METR4202/install/ros2_aruco_interfaces/lib/pkgconfig/ros2_aruco_interfaces.pc'
[13.897s] Level 1:colcon.colcon_core.environment:checking '/home/s4726042/turtlebot3_ws/src/METR4202/install/ros2_aruco_interfaces/lib/python3.10/site-packages'
[13.898s] Level 1:colcon.colcon_core.environment:checking '/home/s4726042/turtlebot3_ws/src/METR4202/install/ros2_aruco_interfaces/bin'
[13.922s] INFO:colcon.colcon_core.shell:Creating package script '/home/s4726042/turtlebot3_ws/src/METR4202/install/ros2_aruco_interfaces/share/ros2_aruco_interfaces/package.ps1'
[13.923s] INFO:colcon.colcon_core.shell:Creating package descriptor '/home/s4726042/turtlebot3_ws/src/METR4202/install/ros2_aruco_interfaces/share/ros2_aruco_interfaces/package.dsv'
[13.924s] INFO:colcon.colcon_core.shell:Creating package script '/home/s4726042/turtlebot3_ws/src/METR4202/install/ros2_aruco_interfaces/share/ros2_aruco_interfaces/package.sh'
[13.924s] INFO:colcon.colcon_core.shell:Creating package script '/home/s4726042/turtlebot3_ws/src/METR4202/install/ros2_aruco_interfaces/share/ros2_aruco_interfaces/package.bash'
[13.925s] INFO:colcon.colcon_core.shell:Creating package script '/home/s4726042/turtlebot3_ws/src/METR4202/install/ros2_aruco_interfaces/share/ros2_aruco_interfaces/package.zsh'
[13.926s] Level 1:colcon.colcon_core.environment:create_file_with_runtime_dependencies(/home/s4726042/turtlebot3_ws/src/METR4202/install/ros2_aruco_interfaces/share/colcon-core/packages/ros2_aruco_interfaces)
[14.114s] Level 1:colcon.colcon_core.environment:create_environment_scripts_only(ros2_aruco_interfaces)
[14.162s] Level 1:colcon.colcon_core.environment:checking '/home/s4726042/turtlebot3_ws/src/METR4202/install/ros2_aruco_interfaces' for CMake module files
[14.163s] Level 1:colcon.colcon_core.environment:checking '/home/s4726042/turtlebot3_ws/src/METR4202/install/ros2_aruco_interfaces' for CMake config files
[14.164s] Level 1:colcon.colcon_core.shell:create_environment_hook('ros2_aruco_interfaces', 'cmake_prefix_path')
[14.196s] INFO:colcon.colcon_core.shell:Creating environment hook '/home/s4726042/turtlebot3_ws/src/METR4202/install/ros2_aruco_interfaces/share/ros2_aruco_interfaces/hook/cmake_prefix_path.ps1'
[14.196s] INFO:colcon.colcon_core.shell:Creating environment descriptor '/home/s4726042/turtlebot3_ws/src/METR4202/install/ros2_aruco_interfaces/share/ros2_aruco_interfaces/hook/cmake_prefix_path.dsv'
[14.197s] INFO:colcon.colcon_core.shell:Creating environment hook '/home/s4726042/turtlebot3_ws/src/METR4202/install/ros2_aruco_interfaces/share/ros2_aruco_interfaces/hook/cmake_prefix_path.sh'
[14.198s] Level 1:colcon.colcon_core.environment:checking '/home/s4726042/turtlebot3_ws/src/METR4202/install/ros2_aruco_interfaces/lib'
[14.199s] Level 1:colcon.colcon_core.shell:create_environment_hook('ros2_aruco_interfaces', 'ld_library_path_lib')
[14.232s] INFO:colcon.colcon_core.shell:Creating environment hook '/home/s4726042/turtlebot3_ws/src/METR4202/install/ros2_aruco_interfaces/share/ros2_aruco_interfaces/hook/ld_library_path_lib.ps1'
[14.233s] INFO:colcon.colcon_core.shell:Creating environment descriptor '/home/s4726042/turtlebot3_ws/src/METR4202/install/ros2_aruco_interfaces/share/ros2_aruco_interfaces/hook/ld_library_path_lib.dsv'
[14.234s] INFO:colcon.colcon_core.shell:Creating environment hook '/home/s4726042/turtlebot3_ws/src/METR4202/install/ros2_aruco_interfaces/share/ros2_aruco_interfaces/hook/ld_library_path_lib.sh'
[14.234s] Level 1:colcon.colcon_core.environment:checking '/home/s4726042/turtlebot3_ws/src/METR4202/install/ros2_aruco_interfaces/bin'
[14.234s] Level 1:colcon.colcon_core.environment:checking '/home/s4726042/turtlebot3_ws/src/METR4202/install/ros2_aruco_interfaces/lib/pkgconfig/ros2_aruco_interfaces.pc'
[14.235s] Level 1:colcon.colcon_core.environment:checking '/home/s4726042/turtlebot3_ws/src/METR4202/install/ros2_aruco_interfaces/lib/python3.10/site-packages'
[14.235s] Level 1:colcon.colcon_core.environment:checking '/home/s4726042/turtlebot3_ws/src/METR4202/install/ros2_aruco_interfaces/bin'
[14.255s] INFO:colcon.colcon_core.shell:Creating package script '/home/s4726042/turtlebot3_ws/src/METR4202/install/ros2_aruco_interfaces/share/ros2_aruco_interfaces/package.ps1'
[14.256s] INFO:colcon.colcon_core.shell:Creating package descriptor '/home/s4726042/turtlebot3_ws/src/METR4202/install/ros2_aruco_interfaces/share/ros2_aruco_interfaces/package.dsv'
[14.257s] INFO:colcon.colcon_core.shell:Creating package script '/home/s4726042/turtlebot3_ws/src/METR4202/install/ros2_aruco_interfaces/share/ros2_aruco_interfaces/package.sh'
[14.258s] INFO:colcon.colcon_core.shell:Creating package script '/home/s4726042/turtlebot3_ws/src/METR4202/install/ros2_aruco_interfaces/share/ros2_aruco_interfaces/package.bash'
[14.260s] INFO:colcon.colcon_core.shell:Creating package script '/home/s4726042/turtlebot3_ws/src/METR4202/install/ros2_aruco_interfaces/share/ros2_aruco_interfaces/package.zsh'
[14.261s] Level 1:colcon.colcon_core.environment:create_file_with_runtime_dependencies(/home/s4726042/turtlebot3_ws/src/METR4202/install/ros2_aruco_interfaces/share/colcon-core/packages/ros2_aruco_interfaces)
[14.261s] DEBUG:colcon.colcon_parallel_executor.executor.parallel:closing loop
[14.266s] DEBUG:colcon.colcon_parallel_executor.executor.parallel:loop closed
[14.266s] DEBUG:colcon.colcon_parallel_executor.executor.parallel:run_until_complete finished with '0'
[14.266s] DEBUG:colcon.colcon_core.event_reactor:joining thread
[14.522s] INFO:colcon.colcon_core.plugin_system:Skipping extension 'colcon_notification.desktop_notification.notify_send': Could not find 'notify-send'
[14.522s] INFO:colcon.colcon_core.plugin_system:Skipping extension 'colcon_notification.desktop_notification.terminal_notifier': Not used on non-Darwin systems
[14.523s] INFO:colcon.colcon_core.plugin_system:Skipping extension 'colcon_notification.desktop_notification.win32': Not used on non-Windows systems
[14.523s] INFO:colcon.colcon_notification.desktop_notification:Sending desktop notification using 'notify2'
[14.526s] DEBUG:colcon.colcon_notification.desktop_notification.notify2:Failed to initialize notify2: org.freedesktop.DBus.Error.ServiceUnknown: The name org.freedesktop.Notifications was not provided by any .service files
[14.526s] DEBUG:colcon.colcon_core.event_reactor:joined thread
[14.579s] INFO:colcon.colcon_core.shell:Creating prefix script '/home/s4726042/turtlebot3_ws/src/METR4202/install/local_setup.ps1'
[14.586s] INFO:colcon.colcon_core.shell:Creating prefix util module '/home/s4726042/turtlebot3_ws/src/METR4202/install/_local_setup_util_ps1.py'
[14.590s] INFO:colcon.colcon_core.shell:Creating prefix chain script '/home/s4726042/turtlebot3_ws/src/METR4202/install/setup.ps1'
[14.615s] INFO:colcon.colcon_core.shell:Creating prefix script '/home/s4726042/turtlebot3_ws/src/METR4202/install/local_setup.sh'
[14.616s] INFO:colcon.colcon_core.shell:Creating prefix util module '/home/s4726042/turtlebot3_ws/src/METR4202/install/_local_setup_util_sh.py'
[14.617s] INFO:colcon.colcon_core.shell:Creating prefix chain script '/home/s4726042/turtlebot3_ws/src/METR4202/install/setup.sh'
[14.655s] INFO:colcon.colcon_core.shell:Creating prefix script '/home/s4726042/turtlebot3_ws/src/METR4202/install/local_setup.bash'
[14.656s] INFO:colcon.colcon_core.shell:Creating prefix chain script '/home/s4726042/turtlebot3_ws/src/METR4202/install/setup.bash'
[14.686s] INFO:colcon.colcon_core.shell:Creating prefix script '/home/s4726042/turtlebot3_ws/src/METR4202/install/local_setup.zsh'
[14.687s] INFO:colcon.colcon_core.shell:Creating prefix chain script '/home/s4726042/turtlebot3_ws/src/METR4202/install/setup.zsh'
